{"/Users/pavelmakarov/Desktop/marketplace/frontend/src/components/AddToCart.tsx": {"path":"/Users/pavelmakarov/Desktop/marketplace/frontend/src/components/AddToCart.tsx","statementMap":{"0":{"start":{"line":2,"column":0},"end":{"line":2,"column":36}},"1":{"start":{"line":3,"column":0},"end":{"line":3,"column":52}},"2":{"start":{"line":4,"column":0},"end":{"line":4,"column":47}},"3":{"start":{"line":5,"column":0},"end":{"line":5,"column":52}},"4":{"start":{"line":6,"column":0},"end":{"line":6,"column":42}},"5":{"start":{"line":9,"column":47},"end":{"line":24,"column":1}},"6":{"start":{"line":10,"column":28},"end":{"line":10,"column":88}},"7":{"start":{"line":10,"column":61},"end":{"line":10,"column":87}},"8":{"start":{"line":11,"column":23},"end":{"line":11,"column":78}},"9":{"start":{"line":11,"column":56},"end":{"line":11,"column":77}},"10":{"start":{"line":12,"column":18},"end":{"line":12,"column":72}},"11":{"start":{"line":12,"column":46},"end":{"line":12,"column":64}},"12":{"start":{"line":13,"column":21},"end":{"line":13,"column":34}},"13":{"start":{"line":14,"column":21},"end":{"line":14,"column":37}},"14":{"start":{"line":15,"column":4},"end":{"line":23,"column":null}},"15":{"start":{"line":18,"column":39},"end":{"line":18,"column":111}},"16":{"start":{"line":9,"column":13},"end":{"line":9,"column":47}}},"fnMap":{"0":{"name":"(anonymous_0)","decl":{"start":{"line":9,"column":47},"end":{"line":9,"column":48}},"loc":{"start":{"line":9,"column":58},"end":{"line":24,"column":1}}},"1":{"name":"(anonymous_1)","decl":{"start":{"line":10,"column":40},"end":{"line":10,"column":41}},"loc":{"start":{"line":10,"column":61},"end":{"line":10,"column":87}}},"2":{"name":"(anonymous_2)","decl":{"start":{"line":11,"column":35},"end":{"line":11,"column":36}},"loc":{"start":{"line":11,"column":56},"end":{"line":11,"column":77}}},"3":{"name":"(anonymous_3)","decl":{"start":{"line":12,"column":36},"end":{"line":12,"column":42}},"loc":{"start":{"line":12,"column":46},"end":{"line":12,"column":64}}},"4":{"name":"(anonymous_4)","decl":{"start":{"line":18,"column":33},"end":{"line":18,"column":36}},"loc":{"start":{"line":18,"column":39},"end":{"line":18,"column":111}}}},"branchMap":{"0":{"loc":{"start":{"line":17,"column":14},"end":{"line":18,"column":null}},"type":"cond-expr","locations":[{"start":{"line":17,"column":26},"end":{"line":17,"column":50}},{"start":{"line":18,"column":16},"end":{"line":18,"column":null}}]},"1":{"loc":{"start":{"line":18,"column":39},"end":{"line":18,"column":111}},"type":"cond-expr","locations":[{"start":{"line":18,"column":57},"end":{"line":18,"column":89}},{"start":{"line":18,"column":92},"end":{"line":18,"column":111}}]}},"s":{"0":0,"1":0,"2":0,"3":0,"4":0,"5":0,"6":0,"7":0,"8":0,"9":0,"10":0,"11":0,"12":0,"13":0,"14":0,"15":0,"16":0},"f":{"0":0,"1":0,"2":0,"3":0,"4":0},"b":{"0":[0,0],"1":[0,0]}}
,"/Users/pavelmakarov/Desktop/marketplace/frontend/src/components/Cart.tsx": {"path":"/Users/pavelmakarov/Desktop/marketplace/frontend/src/components/Cart.tsx","statementMap":{"0":{"start":{"line":1,"column":0},"end":{"line":1,"column":46}},"1":{"start":{"line":2,"column":0},"end":{"line":2,"column":34}},"2":{"start":{"line":3,"column":0},"end":{"line":3,"column":52}},"3":{"start":{"line":4,"column":0},"end":{"line":4,"column":42}},"4":{"start":{"line":5,"column":0},"end":{"line":5,"column":36}},"5":{"start":{"line":6,"column":0},"end":{"line":6,"column":69}},"6":{"start":{"line":7,"column":0},"end":{"line":7,"column":75}},"7":{"start":{"line":8,"column":0},"end":{"line":8,"column":36}},"8":{"start":{"line":9,"column":0},"end":{"line":9,"column":52}},"9":{"start":{"line":12,"column":24},"end":{"line":62,"column":1}},"10":{"start":{"line":13,"column":30},"end":{"line":13,"column":86}},"11":{"start":{"line":13,"column":63},"end":{"line":13,"column":85}},"12":{"start":{"line":14,"column":23},"end":{"line":14,"column":78}},"13":{"start":{"line":14,"column":56},"end":{"line":14,"column":77}},"14":{"start":{"line":15,"column":20},"end":{"line":15,"column":72}},"15":{"start":{"line":15,"column":53},"end":{"line":15,"column":71}},"16":{"start":{"line":16,"column":21},"end":{"line":16,"column":78}},"17":{"start":{"line":16,"column":54},"end":{"line":16,"column":77}},"18":{"start":{"line":17,"column":21},"end":{"line":17,"column":74}},"19":{"start":{"line":17,"column":54},"end":{"line":17,"column":73}},"20":{"start":{"line":18,"column":29},"end":{"line":18,"column":53}},"21":{"start":{"line":19,"column":21},"end":{"line":19,"column":37}},"22":{"start":{"line":20,"column":21},"end":{"line":25,"column":32}},"23":{"start":{"line":21,"column":8},"end":{"line":24,"column":14}},"24":{"start":{"line":22,"column":26},"end":{"line":22,"column":57}},"25":{"start":{"line":22,"column":45},"end":{"line":22,"column":56}},"26":{"start":{"line":23,"column":10},"end":{"line":23,"column":45}},"27":{"start":{"line":26,"column":4},"end":{"line":30,"column":11}},"28":{"start":{"line":27,"column":8},"end":{"line":27,"column":32}},"29":{"start":{"line":28,"column":8},"end":{"line":28,"column":36}},"30":{"start":{"line":29,"column":8},"end":{"line":29,"column":38}},"31":{"start":{"line":31,"column":4},"end":{"line":35,"column":39}},"32":{"start":{"line":32,"column":8},"end":{"line":34,"column":9}},"33":{"start":{"line":33,"column":12},"end":{"line":33,"column":82}},"34":{"start":{"line":36,"column":22},"end":{"line":41,"column":null}},"35":{"start":{"line":43,"column":4},"end":{"line":61,"column":null}},"36":{"start":{"line":51,"column":28},"end":{"line":51,"column":56}},"37":{"start":{"line":57,"column":43},"end":{"line":57,"column":96}},"38":{"start":{"line":12,"column":13},"end":{"line":12,"column":24}},"39":{"start":{"line":64,"column":22},"end":{"line":126,"column":1}},"40":{"start":{"line":65,"column":4},"end":{"line":125,"column":8}},"41":{"start":{"line":103,"column":14},"end":{"line":104,"column":null}},"42":{"start":{"line":128,"column":33},"end":{"line":168,"column":1}},"43":{"start":{"line":129,"column":21},"end":{"line":129,"column":78}},"44":{"start":{"line":129,"column":54},"end":{"line":129,"column":77}},"45":{"start":{"line":130,"column":20},"end":{"line":130,"column":51}},"46":{"start":{"line":130,"column":39},"end":{"line":130,"column":50}},"47":{"start":{"line":131,"column":23},"end":{"line":131,"column":78}},"48":{"start":{"line":131,"column":56},"end":{"line":131,"column":77}},"49":{"start":{"line":132,"column":18},"end":{"line":132,"column":67}},"50":{"start":{"line":132,"column":46},"end":{"line":132,"column":59}},"51":{"start":{"line":134,"column":4},"end":{"line":167,"column":6}}},"fnMap":{"0":{"name":"(anonymous_0)","decl":{"start":{"line":12,"column":24},"end":{"line":12,"column":27}},"loc":{"start":{"line":12,"column":29},"end":{"line":62,"column":1}}},"1":{"name":"(anonymous_1)","decl":{"start":{"line":13,"column":42},"end":{"line":13,"column":43}},"loc":{"start":{"line":13,"column":63},"end":{"line":13,"column":85}}},"2":{"name":"(anonymous_2)","decl":{"start":{"line":14,"column":35},"end":{"line":14,"column":36}},"loc":{"start":{"line":14,"column":56},"end":{"line":14,"column":77}}},"3":{"name":"(anonymous_3)","decl":{"start":{"line":15,"column":32},"end":{"line":15,"column":33}},"loc":{"start":{"line":15,"column":53},"end":{"line":15,"column":71}}},"4":{"name":"(anonymous_4)","decl":{"start":{"line":16,"column":33},"end":{"line":16,"column":34}},"loc":{"start":{"line":16,"column":54},"end":{"line":16,"column":77}}},"5":{"name":"(anonymous_5)","decl":{"start":{"line":17,"column":33},"end":{"line":17,"column":34}},"loc":{"start":{"line":17,"column":54},"end":{"line":17,"column":73}}},"6":{"name":"(anonymous_6)","decl":{"start":{"line":20,"column":29},"end":{"line":20,"column":32}},"loc":{"start":{"line":20,"column":34},"end":{"line":25,"column":7}}},"7":{"name":"(anonymous_7)","decl":{"start":{"line":21,"column":33},"end":{"line":21,"column":34}},"loc":{"start":{"line":21,"column":45},"end":{"line":24,"column":9}}},"8":{"name":"(anonymous_8)","decl":{"start":{"line":22,"column":40},"end":{"line":22,"column":41}},"loc":{"start":{"line":22,"column":45},"end":{"line":22,"column":56}}},"9":{"name":"(anonymous_9)","decl":{"start":{"line":26,"column":14},"end":{"line":26,"column":17}},"loc":{"start":{"line":26,"column":19},"end":{"line":30,"column":5}}},"10":{"name":"(anonymous_10)","decl":{"start":{"line":31,"column":14},"end":{"line":31,"column":17}},"loc":{"start":{"line":31,"column":19},"end":{"line":35,"column":5}}},"11":{"name":"(anonymous_11)","decl":{"start":{"line":50,"column":75},"end":{"line":50,"column":76}},"loc":{"start":{"line":51,"column":28},"end":{"line":51,"column":56}}},"12":{"name":"(anonymous_12)","decl":{"start":{"line":57,"column":37},"end":{"line":57,"column":40}},"loc":{"start":{"line":57,"column":43},"end":{"line":57,"column":96}}},"13":{"name":"(anonymous_13)","decl":{"start":{"line":64,"column":22},"end":{"line":64,"column":25}},"loc":{"start":{"line":64,"column":27},"end":{"line":126,"column":1}}},"14":{"name":"(anonymous_14)","decl":{"start":{"line":102,"column":27},"end":{"line":102,"column":28}},"loc":{"start":{"line":103,"column":14},"end":{"line":104,"column":null}}},"15":{"name":"(anonymous_15)","decl":{"start":{"line":128,"column":33},"end":{"line":128,"column":34}},"loc":{"start":{"line":128,"column":44},"end":{"line":168,"column":1}}},"16":{"name":"(anonymous_16)","decl":{"start":{"line":129,"column":33},"end":{"line":129,"column":34}},"loc":{"start":{"line":129,"column":54},"end":{"line":129,"column":77}}},"17":{"name":"(anonymous_17)","decl":{"start":{"line":130,"column":34},"end":{"line":130,"column":35}},"loc":{"start":{"line":130,"column":39},"end":{"line":130,"column":50}}},"18":{"name":"(anonymous_18)","decl":{"start":{"line":131,"column":35},"end":{"line":131,"column":36}},"loc":{"start":{"line":131,"column":56},"end":{"line":131,"column":77}}},"19":{"name":"(anonymous_19)","decl":{"start":{"line":132,"column":36},"end":{"line":132,"column":42}},"loc":{"start":{"line":132,"column":46},"end":{"line":132,"column":59}}}},"branchMap":{"0":{"loc":{"start":{"line":23,"column":24},"end":{"line":23,"column":43}},"type":"binary-expr","locations":[{"start":{"line":23,"column":24},"end":{"line":23,"column":38}},{"start":{"line":23,"column":42},"end":{"line":23,"column":43}}]},"1":{"loc":{"start":{"line":32,"column":8},"end":{"line":34,"column":9}},"type":"if","locations":[{"start":{"line":32,"column":8},"end":{"line":34,"column":9}}]},"2":{"loc":{"start":{"line":48,"column":26},"end":{"line":52,"column":41}},"type":"cond-expr","locations":[{"start":{"line":49,"column":28},"end":{"line":49,"column":39}},{"start":{"line":50,"column":28},"end":{"line":52,"column":41}}]},"3":{"loc":{"start":{"line":50,"column":28},"end":{"line":52,"column":41}},"type":"cond-expr","locations":[{"start":{"line":50,"column":54},"end":{"line":52,"column":26}},{"start":{"line":52,"column":29},"end":{"line":52,"column":41}}]},"4":{"loc":{"start":{"line":57,"column":43},"end":{"line":57,"column":96}},"type":"binary-expr","locations":[{"start":{"line":57,"column":43},"end":{"line":57,"column":60}},{"start":{"line":57,"column":64},"end":{"line":57,"column":96}}]},"5":{"loc":{"start":{"line":57,"column":152},"end":{"line":57,"column":236}},"type":"cond-expr","locations":[{"start":{"line":57,"column":172},"end":{"line":57,"column":201}},{"start":{"line":57,"column":204},"end":{"line":57,"column":236}}]},"6":{"loc":{"start":{"line":136,"column":13},"end":{"line":164,"column":null}},"type":"cond-expr","locations":[{"start":{"line":137,"column":16},"end":{"line":161,"column":null}},{"start":{"line":164,"column":16},"end":{"line":164,"column":69}}]}},"s":{"0":0,"1":0,"2":0,"3":0,"4":0,"5":0,"6":0,"7":0,"8":0,"9":0,"10":0,"11":0,"12":0,"13":0,"14":0,"15":0,"16":0,"17":0,"18":0,"19":0,"20":0,"21":0,"22":0,"23":0,"24":0,"25":0,"26":0,"27":0,"28":0,"29":0,"30":0,"31":0,"32":0,"33":0,"34":0,"35":0,"36":0,"37":0,"38":0,"39":0,"40":0,"41":0,"42":0,"43":0,"44":0,"45":0,"46":0,"47":0,"48":0,"49":0,"50":0,"51":0},"f":{"0":0,"1":0,"2":0,"3":0,"4":0,"5":0,"6":0,"7":0,"8":0,"9":0,"10":0,"11":0,"12":0,"13":0,"14":0,"15":0,"16":0,"17":0,"18":0,"19":0},"b":{"0":[0,0],"1":[0],"2":[0,0],"3":[0,0],"4":[0,0],"5":[0,0],"6":[0,0]}}
,"/Users/pavelmakarov/Desktop/marketplace/frontend/src/components/Counter.tsx": {"path":"/Users/pavelmakarov/Desktop/marketplace/frontend/src/components/Counter.tsx","statementMap":{"0":{"start":{"line":2,"column":0},"end":{"line":2,"column":70}},"1":{"start":{"line":3,"column":0},"end":{"line":3,"column":52}},"2":{"start":{"line":4,"column":0},"end":{"line":4,"column":42}},"3":{"start":{"line":6,"column":42},"end":{"line":49,"column":1}},"4":{"start":{"line":8,"column":21},"end":{"line":8,"column":37}},"5":{"start":{"line":9,"column":21},"end":{"line":9,"column":78}},"6":{"start":{"line":9,"column":54},"end":{"line":9,"column":77}},"7":{"start":{"line":10,"column":20},"end":{"line":10,"column":57}},"8":{"start":{"line":10,"column":39},"end":{"line":10,"column":56}},"9":{"start":{"line":11,"column":23},"end":{"line":11,"column":78}},"10":{"start":{"line":11,"column":56},"end":{"line":11,"column":77}},"11":{"start":{"line":12,"column":18},"end":{"line":12,"column":73}},"12":{"start":{"line":12,"column":46},"end":{"line":12,"column":65}},"13":{"start":{"line":13,"column":22},"end":{"line":17,"column":5}},"14":{"start":{"line":14,"column":8},"end":{"line":16,"column":9}},"15":{"start":{"line":15,"column":12},"end":{"line":15,"column":46}},"16":{"start":{"line":19,"column":22},"end":{"line":23,"column":5}},"17":{"start":{"line":20,"column":8},"end":{"line":22,"column":9}},"18":{"start":{"line":21,"column":12},"end":{"line":21,"column":49}},"19":{"start":{"line":24,"column":4},"end":{"line":48,"column":null}},"20":{"start":{"line":6,"column":13},"end":{"line":6,"column":42}}},"fnMap":{"0":{"name":"(anonymous_0)","decl":{"start":{"line":6,"column":42},"end":{"line":6,"column":43}},"loc":{"start":{"line":6,"column":57},"end":{"line":49,"column":1}}},"1":{"name":"(anonymous_1)","decl":{"start":{"line":9,"column":33},"end":{"line":9,"column":34}},"loc":{"start":{"line":9,"column":54},"end":{"line":9,"column":77}}},"2":{"name":"(anonymous_2)","decl":{"start":{"line":10,"column":34},"end":{"line":10,"column":35}},"loc":{"start":{"line":10,"column":39},"end":{"line":10,"column":56}}},"3":{"name":"(anonymous_3)","decl":{"start":{"line":11,"column":35},"end":{"line":11,"column":36}},"loc":{"start":{"line":11,"column":56},"end":{"line":11,"column":77}}},"4":{"name":"(anonymous_4)","decl":{"start":{"line":12,"column":36},"end":{"line":12,"column":42}},"loc":{"start":{"line":12,"column":46},"end":{"line":12,"column":65}}},"5":{"name":"(anonymous_5)","decl":{"start":{"line":13,"column":22},"end":{"line":13,"column":25}},"loc":{"start":{"line":13,"column":27},"end":{"line":17,"column":5}}},"6":{"name":"(anonymous_6)","decl":{"start":{"line":19,"column":22},"end":{"line":19,"column":25}},"loc":{"start":{"line":19,"column":27},"end":{"line":23,"column":5}}}},"branchMap":{"0":{"loc":{"start":{"line":14,"column":8},"end":{"line":16,"column":9}},"type":"if","locations":[{"start":{"line":14,"column":8},"end":{"line":16,"column":9}}]},"1":{"loc":{"start":{"line":14,"column":21},"end":{"line":14,"column":40}},"type":"binary-expr","locations":[{"start":{"line":14,"column":21},"end":{"line":14,"column":35}},{"start":{"line":14,"column":39},"end":{"line":14,"column":40}}]},"2":{"loc":{"start":{"line":20,"column":8},"end":{"line":22,"column":9}},"type":"if","locations":[{"start":{"line":20,"column":8},"end":{"line":22,"column":9}}]},"3":{"loc":{"start":{"line":27,"column":51},"end":{"line":29,"column":54}},"type":"cond-expr","locations":[{"start":{"line":28,"column":22},"end":{"line":28,"column":68}},{"start":{"line":29,"column":22},"end":{"line":29,"column":54}}]},"4":{"loc":{"start":{"line":39,"column":51},"end":{"line":41,"column":54}},"type":"cond-expr","locations":[{"start":{"line":40,"column":22},"end":{"line":40,"column":68}},{"start":{"line":41,"column":22},"end":{"line":41,"column":54}}]}},"s":{"0":0,"1":0,"2":0,"3":0,"4":0,"5":0,"6":0,"7":0,"8":0,"9":0,"10":0,"11":0,"12":0,"13":0,"14":0,"15":0,"16":0,"17":0,"18":0,"19":0,"20":0},"f":{"0":0,"1":0,"2":0,"3":0,"4":0,"5":0,"6":0},"b":{"0":[0],"1":[0,0],"2":[0],"3":[0,0],"4":[0,0]}}
,"/Users/pavelmakarov/Desktop/marketplace/frontend/src/components/EmptyOrders.tsx": {"path":"/Users/pavelmakarov/Desktop/marketplace/frontend/src/components/EmptyOrders.tsx","statementMap":{"0":{"start":{"line":2,"column":0},"end":{"line":2,"column":47}},"1":{"start":{"line":3,"column":0},"end":{"line":3,"column":51}},"2":{"start":{"line":5,"column":31},"end":{"line":57,"column":1}},"3":{"start":{"line":6,"column":19},"end":{"line":6,"column":32}},"4":{"start":{"line":8,"column":2},"end":{"line":56,"column":4}},"5":{"start":{"line":26,"column":25},"end":{"line":26,"column":38}},"6":{"start":{"line":34,"column":14},"end":{"line":35,"column":null}},"7":{"start":{"line":5,"column":13},"end":{"line":5,"column":31}}},"fnMap":{"0":{"name":"(anonymous_1)","decl":{"start":{"line":5,"column":31},"end":{"line":5,"column":34}},"loc":{"start":{"line":5,"column":36},"end":{"line":57,"column":1}}},"1":{"name":"(anonymous_2)","decl":{"start":{"line":26,"column":19},"end":{"line":26,"column":22}},"loc":{"start":{"line":26,"column":25},"end":{"line":26,"column":38}}},"2":{"name":"(anonymous_3)","decl":{"start":{"line":33,"column":27},"end":{"line":33,"column":28}},"loc":{"start":{"line":34,"column":14},"end":{"line":35,"column":null}}}},"branchMap":{},"s":{"0":0,"1":0,"2":0,"3":0,"4":0,"5":0,"6":0,"7":0},"f":{"0":0,"1":0,"2":0},"b":{}}
,"/Users/pavelmakarov/Desktop/marketplace/frontend/src/components/Header.tsx": {"path":"/Users/pavelmakarov/Desktop/marketplace/frontend/src/components/Header.tsx","statementMap":{"0":{"start":{"line":2,"column":0},"end":{"line":2,"column":52}},"1":{"start":{"line":4,"column":0},"end":{"line":4,"column":41}},"2":{"start":{"line":5,"column":0},"end":{"line":5,"column":47}},"3":{"start":{"line":6,"column":0},"end":{"line":6,"column":37}},"4":{"start":{"line":7,"column":0},"end":{"line":7,"column":41}},"5":{"start":{"line":8,"column":0},"end":{"line":8,"column":50}},"6":{"start":{"line":9,"column":0},"end":{"line":9,"column":42}},"7":{"start":{"line":10,"column":0},"end":{"line":10,"column":47}},"8":{"start":{"line":13,"column":26},"end":{"line":30,"column":1}},"9":{"start":{"line":14,"column":28},"end":{"line":14,"column":88}},"10":{"start":{"line":14,"column":61},"end":{"line":14,"column":87}},"11":{"start":{"line":15,"column":4},"end":{"line":29,"column":6}},"12":{"start":{"line":13,"column":13},"end":{"line":13,"column":26}},"13":{"start":{"line":32,"column":28},"end":{"line":48,"column":3}},"14":{"start":{"line":33,"column":21},"end":{"line":33,"column":37}},"15":{"start":{"line":34,"column":21},"end":{"line":34,"column":34}},"16":{"start":{"line":35,"column":20},"end":{"line":41,"column":5}},"17":{"start":{"line":36,"column":8},"end":{"line":40,"column":9}},"18":{"start":{"line":37,"column":12},"end":{"line":37,"column":31}},"19":{"start":{"line":38,"column":12},"end":{"line":38,"column":36}},"20":{"start":{"line":39,"column":12},"end":{"line":39,"column":32}},"21":{"start":{"line":43,"column":4},"end":{"line":47,"column":6}},"22":{"start":{"line":44,"column":37},"end":{"line":44,"column":47}}},"fnMap":{"0":{"name":"(anonymous_1)","decl":{"start":{"line":13,"column":26},"end":{"line":13,"column":29}},"loc":{"start":{"line":13,"column":31},"end":{"line":30,"column":1}}},"1":{"name":"(anonymous_2)","decl":{"start":{"line":14,"column":40},"end":{"line":14,"column":41}},"loc":{"start":{"line":14,"column":61},"end":{"line":14,"column":87}}},"2":{"name":"(anonymous_3)","decl":{"start":{"line":32,"column":28},"end":{"line":32,"column":29}},"loc":{"start":{"line":32,"column":46},"end":{"line":48,"column":3}}},"3":{"name":"(anonymous_4)","decl":{"start":{"line":35,"column":20},"end":{"line":35,"column":21}},"loc":{"start":{"line":35,"column":44},"end":{"line":41,"column":5}}},"4":{"name":"(anonymous_5)","decl":{"start":{"line":44,"column":30},"end":{"line":44,"column":31}},"loc":{"start":{"line":44,"column":37},"end":{"line":44,"column":47}}}},"branchMap":{"0":{"loc":{"start":{"line":21,"column":13},"end":{"line":25,"column":null}},"type":"binary-expr","locations":[{"start":{"line":21,"column":13},"end":{"line":21,"column":28}},{"start":{"line":22,"column":16},"end":{"line":25,"column":null}}]},"1":{"loc":{"start":{"line":36,"column":8},"end":{"line":40,"column":9}},"type":"if","locations":[{"start":{"line":36,"column":8},"end":{"line":40,"column":9}}]}},"s":{"0":1,"1":1,"2":1,"3":1,"4":1,"5":1,"6":1,"7":1,"8":1,"9":2,"10":4,"11":2,"12":1,"13":1,"14":5,"15":5,"16":5,"17":0,"18":0,"19":0,"20":0,"21":5,"22":0},"f":{"0":2,"1":4,"2":5,"3":0,"4":0},"b":{"0":[2,1],"1":[0]}}
,"/Users/pavelmakarov/Desktop/marketplace/frontend/src/components/Loading.tsx": {"path":"/Users/pavelmakarov/Desktop/marketplace/frontend/src/components/Loading.tsx","statementMap":{"0":{"start":{"line":3,"column":26},"end":{"line":9,"column":1}},"1":{"start":{"line":4,"column":4},"end":{"line":8,"column":null}},"2":{"start":{"line":3,"column":13},"end":{"line":3,"column":26}}},"fnMap":{"0":{"name":"(anonymous_0)","decl":{"start":{"line":3,"column":26},"end":{"line":3,"column":29}},"loc":{"start":{"line":3,"column":31},"end":{"line":9,"column":1}}}},"branchMap":{},"s":{"0":0,"1":0,"2":0},"f":{"0":0},"b":{}}
,"/Users/pavelmakarov/Desktop/marketplace/frontend/src/components/MyOrders.tsx": {"path":"/Users/pavelmakarov/Desktop/marketplace/frontend/src/components/MyOrders.tsx","statementMap":{"0":{"start":{"line":1,"column":0},"end":{"line":1,"column":57}},"1":{"start":{"line":2,"column":0},"end":{"line":2,"column":52}},"2":{"start":{"line":3,"column":0},"end":{"line":3,"column":48}},"3":{"start":{"line":4,"column":0},"end":{"line":4,"column":42}},"4":{"start":{"line":5,"column":0},"end":{"line":5,"column":34}},"5":{"start":{"line":6,"column":0},"end":{"line":6,"column":36}},"6":{"start":{"line":8,"column":0},"end":{"line":8,"column":68}},"7":{"start":{"line":9,"column":0},"end":{"line":9,"column":54}},"8":{"start":{"line":10,"column":0},"end":{"line":10,"column":44}},"9":{"start":{"line":11,"column":0},"end":{"line":11,"column":34}},"10":{"start":{"line":13,"column":28},"end":{"line":99,"column":1}},"11":{"start":{"line":14,"column":21},"end":{"line":14,"column":37}},"12":{"start":{"line":15,"column":21},"end":{"line":15,"column":74}},"13":{"start":{"line":15,"column":54},"end":{"line":15,"column":73}},"14":{"start":{"line":16,"column":21},"end":{"line":16,"column":74}},"15":{"start":{"line":16,"column":54},"end":{"line":16,"column":73}},"16":{"start":{"line":17,"column":19},"end":{"line":17,"column":72}},"17":{"start":{"line":17,"column":52},"end":{"line":17,"column":71}},"18":{"start":{"line":18,"column":28},"end":{"line":18,"column":80}},"19":{"start":{"line":18,"column":61},"end":{"line":18,"column":79}},"20":{"start":{"line":19,"column":26},"end":{"line":19,"column":80}},"21":{"start":{"line":19,"column":59},"end":{"line":19,"column":79}},"22":{"start":{"line":20,"column":22},"end":{"line":20,"column":54}},"23":{"start":{"line":21,"column":32},"end":{"line":21,"column":65}},"24":{"start":{"line":22,"column":46},"end":{"line":22,"column":77}},"25":{"start":{"line":23,"column":4},"end":{"line":26,"column":11}},"26":{"start":{"line":24,"column":8},"end":{"line":24,"column":38}},"27":{"start":{"line":25,"column":8},"end":{"line":25,"column":32}},"28":{"start":{"line":28,"column":4},"end":{"line":36,"column":63}},"29":{"start":{"line":29,"column":8},"end":{"line":35,"column":9}},"30":{"start":{"line":30,"column":12},"end":{"line":34,"column":13}},"31":{"start":{"line":31,"column":16},"end":{"line":31,"column":null}},"32":{"start":{"line":31,"column":45},"end":{"line":31,"column":71}},"33":{"start":{"line":33,"column":16},"end":{"line":33,"column":47}},"34":{"start":{"line":37,"column":25},"end":{"line":47,"column":39}},"35":{"start":{"line":38,"column":8},"end":{"line":46,"column":11}},"36":{"start":{"line":39,"column":12},"end":{"line":45,"column":13}},"37":{"start":{"line":40,"column":16},"end":{"line":40,"column":75}},"38":{"start":{"line":42,"column":16},"end":{"line":44,"column":38}},"39":{"start":{"line":48,"column":4},"end":{"line":97,"column":6}},"40":{"start":{"line":61,"column":36},"end":{"line":66,"column":37}},"41":{"start":{"line":62,"column":40},"end":{"line":62,"column":98}},"42":{"start":{"line":62,"column":65},"end":{"line":62,"column":96}},"43":{"start":{"line":64,"column":40},"end":{"line":64,"column":56}},"44":{"start":{"line":65,"column":40},"end":{"line":65,"column":64}},"45":{"start":{"line":76,"column":36},"end":{"line":81,"column":37}},"46":{"start":{"line":77,"column":40},"end":{"line":77,"column":98}},"47":{"start":{"line":77,"column":65},"end":{"line":77,"column":96}},"48":{"start":{"line":79,"column":40},"end":{"line":79,"column":59}},"49":{"start":{"line":80,"column":40},"end":{"line":80,"column":64}},"50":{"start":{"line":89,"column":24},"end":{"line":89,"column":62}},"51":{"start":{"line":13,"column":13},"end":{"line":13,"column":28}},"52":{"start":{"line":101,"column":38},"end":{"line":150,"column":1}},"53":{"start":{"line":102,"column":21},"end":{"line":102,"column":78}},"54":{"start":{"line":102,"column":54},"end":{"line":102,"column":77}},"55":{"start":{"line":103,"column":23},"end":{"line":105,"column":27}},"56":{"start":{"line":106,"column":4},"end":{"line":149,"column":6}},"57":{"start":{"line":130,"column":40},"end":{"line":130,"column":71}},"58":{"start":{"line":130,"column":59},"end":{"line":130,"column":70}},"59":{"start":{"line":131,"column":24},"end":{"line":139,"column":33}}},"fnMap":{"0":{"name":"(anonymous_0)","decl":{"start":{"line":13,"column":28},"end":{"line":13,"column":31}},"loc":{"start":{"line":13,"column":33},"end":{"line":99,"column":1}}},"1":{"name":"(anonymous_1)","decl":{"start":{"line":15,"column":33},"end":{"line":15,"column":34}},"loc":{"start":{"line":15,"column":54},"end":{"line":15,"column":73}}},"2":{"name":"(anonymous_2)","decl":{"start":{"line":16,"column":33},"end":{"line":16,"column":34}},"loc":{"start":{"line":16,"column":54},"end":{"line":16,"column":73}}},"3":{"name":"(anonymous_3)","decl":{"start":{"line":17,"column":31},"end":{"line":17,"column":32}},"loc":{"start":{"line":17,"column":52},"end":{"line":17,"column":71}}},"4":{"name":"(anonymous_4)","decl":{"start":{"line":18,"column":40},"end":{"line":18,"column":41}},"loc":{"start":{"line":18,"column":61},"end":{"line":18,"column":79}}},"5":{"name":"(anonymous_5)","decl":{"start":{"line":19,"column":38},"end":{"line":19,"column":39}},"loc":{"start":{"line":19,"column":59},"end":{"line":19,"column":79}}},"6":{"name":"(anonymous_6)","decl":{"start":{"line":23,"column":14},"end":{"line":23,"column":17}},"loc":{"start":{"line":23,"column":19},"end":{"line":26,"column":5}}},"7":{"name":"(anonymous_7)","decl":{"start":{"line":28,"column":14},"end":{"line":28,"column":17}},"loc":{"start":{"line":28,"column":19},"end":{"line":36,"column":5}}},"8":{"name":"(anonymous_8)","decl":{"start":{"line":31,"column":29},"end":{"line":31,"column":30}},"loc":{"start":{"line":31,"column":45},"end":{"line":31,"column":71}}},"9":{"name":"(anonymous_9)","decl":{"start":{"line":37,"column":33},"end":{"line":37,"column":36}},"loc":{"start":{"line":37,"column":38},"end":{"line":47,"column":5}}},"10":{"name":"(anonymous_10)","decl":{"start":{"line":38,"column":32},"end":{"line":38,"column":33}},"loc":{"start":{"line":38,"column":41},"end":{"line":46,"column":9}}},"11":{"name":"(anonymous_11)","decl":{"start":{"line":60,"column":41},"end":{"line":60,"column":44}},"loc":{"start":{"line":60,"column":46},"end":{"line":67,"column":33}}},"12":{"name":"(anonymous_12)","decl":{"start":{"line":62,"column":57},"end":{"line":62,"column":61}},"loc":{"start":{"line":62,"column":65},"end":{"line":62,"column":96}}},"13":{"name":"(anonymous_13)","decl":{"start":{"line":75,"column":41},"end":{"line":75,"column":44}},"loc":{"start":{"line":75,"column":46},"end":{"line":82,"column":33}}},"14":{"name":"(anonymous_14)","decl":{"start":{"line":77,"column":57},"end":{"line":77,"column":61}},"loc":{"start":{"line":77,"column":65},"end":{"line":77,"column":96}}},"15":{"name":"(anonymous_15)","decl":{"start":{"line":88,"column":38},"end":{"line":88,"column":39}},"loc":{"start":{"line":89,"column":24},"end":{"line":89,"column":62}}},"16":{"name":"(anonymous_16)","decl":{"start":{"line":101,"column":38},"end":{"line":101,"column":39}},"loc":{"start":{"line":101,"column":51},"end":{"line":150,"column":1}}},"17":{"name":"(anonymous_17)","decl":{"start":{"line":102,"column":33},"end":{"line":102,"column":34}},"loc":{"start":{"line":102,"column":54},"end":{"line":102,"column":77}}},"18":{"name":"(anonymous_18)","decl":{"start":{"line":129,"column":36},"end":{"line":129,"column":37}},"loc":{"start":{"line":129,"column":58},"end":{"line":140,"column":21}}},"19":{"name":"(anonymous_19)","decl":{"start":{"line":130,"column":54},"end":{"line":130,"column":55}},"loc":{"start":{"line":130,"column":59},"end":{"line":130,"column":70}}}},"branchMap":{"0":{"loc":{"start":{"line":20,"column":22},"end":{"line":20,"column":54}},"type":"binary-expr","locations":[{"start":{"line":20,"column":22},"end":{"line":20,"column":37}},{"start":{"line":20,"column":41},"end":{"line":20,"column":54}}]},"1":{"loc":{"start":{"line":29,"column":8},"end":{"line":35,"column":9}},"type":"if","locations":[{"start":{"line":29,"column":8},"end":{"line":35,"column":9}}]},"2":{"loc":{"start":{"line":30,"column":12},"end":{"line":34,"column":13}},"type":"if","locations":[{"start":{"line":30,"column":12},"end":{"line":34,"column":13}},{"start":{"line":32,"column":19},"end":{"line":34,"column":13}}]},"3":{"loc":{"start":{"line":39,"column":12},"end":{"line":45,"column":13}},"type":"if","locations":[{"start":{"line":39,"column":12},"end":{"line":45,"column":13}},{"start":{"line":41,"column":19},"end":{"line":45,"column":13}}]},"4":{"loc":{"start":{"line":40,"column":23},"end":{"line":40,"column":74}},"type":"cond-expr","locations":[{"start":{"line":40,"column":49},"end":{"line":40,"column":60}},{"start":{"line":40,"column":63},"end":{"line":40,"column":74}}]},"5":{"loc":{"start":{"line":42,"column":23},"end":{"line":44,"column":37}},"type":"cond-expr","locations":[{"start":{"line":43,"column":22},"end":{"line":43,"column":37}},{"start":{"line":44,"column":22},"end":{"line":44,"column":37}}]},"6":{"loc":{"start":{"line":52,"column":17},"end":{"line":93,"column":null}},"type":"cond-expr","locations":[{"start":{"line":53,"column":20},"end":{"line":53,"column":31}},{"start":{"line":54,"column":20},"end":{"line":93,"column":null}}]},"7":{"loc":{"start":{"line":54,"column":20},"end":{"line":93,"column":null}},"type":"cond-expr","locations":[{"start":{"line":55,"column":20},"end":{"line":90,"column":null}},{"start":{"line":93,"column":20},"end":{"line":93,"column":35}}]},"8":{"loc":{"start":{"line":59,"column":43},"end":{"line":59,"column":86}},"type":"cond-expr","locations":[{"start":{"line":59,"column":61},"end":{"line":59,"column":74}},{"start":{"line":59,"column":77},"end":{"line":59,"column":86}}]},"9":{"loc":{"start":{"line":61,"column":36},"end":{"line":66,"column":37}},"type":"if","locations":[{"start":{"line":61,"column":36},"end":{"line":66,"column":37}},{"start":{"line":63,"column":43},"end":{"line":66,"column":37}}]},"10":{"loc":{"start":{"line":62,"column":65},"end":{"line":62,"column":96}},"type":"cond-expr","locations":[{"start":{"line":62,"column":82},"end":{"line":62,"column":88}},{"start":{"line":62,"column":91},"end":{"line":62,"column":96}}]},"11":{"loc":{"start":{"line":74,"column":43},"end":{"line":74,"column":89}},"type":"cond-expr","locations":[{"start":{"line":74,"column":64},"end":{"line":74,"column":77}},{"start":{"line":74,"column":80},"end":{"line":74,"column":89}}]},"12":{"loc":{"start":{"line":76,"column":36},"end":{"line":81,"column":37}},"type":"if","locations":[{"start":{"line":76,"column":36},"end":{"line":81,"column":37}},{"start":{"line":78,"column":43},"end":{"line":81,"column":37}}]},"13":{"loc":{"start":{"line":77,"column":65},"end":{"line":77,"column":96}},"type":"cond-expr","locations":[{"start":{"line":77,"column":82},"end":{"line":77,"column":88}},{"start":{"line":77,"column":91},"end":{"line":77,"column":96}}]},"14":{"loc":{"start":{"line":103,"column":23},"end":{"line":105,"column":27}},"type":"cond-expr","locations":[{"start":{"line":104,"column":10},"end":{"line":104,"column":25}},{"start":{"line":105,"column":10},"end":{"line":105,"column":27}}]},"15":{"loc":{"start":{"line":110,"column":62},"end":{"line":110,"column":null}},"type":"cond-expr","locations":[{"start":{"line":110,"column":76},"end":{"line":110,"column":105}},{"start":{"line":110,"column":108},"end":{"line":110,"column":null}}]},"16":{"loc":{"start":{"line":112,"column":21},"end":{"line":112,"column":57}},"type":"cond-expr","locations":[{"start":{"line":112,"column":35},"end":{"line":112,"column":44}},{"start":{"line":112,"column":47},"end":{"line":112,"column":57}}]},"17":{"loc":{"start":{"line":131,"column":31},"end":{"line":139,"column":32}},"type":"cond-expr","locations":[{"start":{"line":132,"column":28},"end":{"line":132,"column":45}},{"start":{"line":139,"column":28},"end":{"line":139,"column":32}}]}},"s":{"0":0,"1":0,"2":0,"3":0,"4":0,"5":0,"6":0,"7":0,"8":0,"9":0,"10":0,"11":0,"12":0,"13":0,"14":0,"15":0,"16":0,"17":0,"18":0,"19":0,"20":0,"21":0,"22":0,"23":0,"24":0,"25":0,"26":0,"27":0,"28":0,"29":0,"30":0,"31":0,"32":0,"33":0,"34":0,"35":0,"36":0,"37":0,"38":0,"39":0,"40":0,"41":0,"42":0,"43":0,"44":0,"45":0,"46":0,"47":0,"48":0,"49":0,"50":0,"51":0,"52":0,"53":0,"54":0,"55":0,"56":0,"57":0,"58":0,"59":0},"f":{"0":0,"1":0,"2":0,"3":0,"4":0,"5":0,"6":0,"7":0,"8":0,"9":0,"10":0,"11":0,"12":0,"13":0,"14":0,"15":0,"16":0,"17":0,"18":0,"19":0},"b":{"0":[0,0],"1":[0],"2":[0,0],"3":[0,0],"4":[0,0],"5":[0,0],"6":[0,0],"7":[0,0],"8":[0,0],"9":[0,0],"10":[0,0],"11":[0,0],"12":[0,0],"13":[0,0],"14":[0,0],"15":[0,0],"16":[0,0],"17":[0,0]}}
,"/Users/pavelmakarov/Desktop/marketplace/frontend/src/components/ProductDetail.tsx": {"path":"/Users/pavelmakarov/Desktop/marketplace/frontend/src/components/ProductDetail.tsx","statementMap":{"0":{"start":{"line":2,"column":0},"end":{"line":2,"column":58}},"1":{"start":{"line":4,"column":0},"end":{"line":4,"column":58}},"2":{"start":{"line":5,"column":0},"end":{"line":5,"column":42}},"3":{"start":{"line":7,"column":33},"end":{"line":28,"column":1}},"4":{"start":{"line":8,"column":17},"end":{"line":8,"column":44}},"5":{"start":{"line":9,"column":19},"end":{"line":9,"column":32}},"6":{"start":{"line":11,"column":18},"end":{"line":12,"column":null}},"7":{"start":{"line":12,"column":4},"end":{"line":12,"column":58}},"8":{"start":{"line":12,"column":38},"end":{"line":12,"column":57}},"9":{"start":{"line":15,"column":22},"end":{"line":17,"column":3}},"10":{"start":{"line":16,"column":4},"end":{"line":16,"column":18}},"11":{"start":{"line":19,"column":2},"end":{"line":19,"column":45}},"12":{"start":{"line":19,"column":16},"end":{"line":19,"column":45}},"13":{"start":{"line":21,"column":2},"end":{"line":27,"column":4}},"14":{"start":{"line":7,"column":13},"end":{"line":7,"column":33}}},"fnMap":{"0":{"name":"(anonymous_0)","decl":{"start":{"line":7,"column":33},"end":{"line":7,"column":36}},"loc":{"start":{"line":7,"column":38},"end":{"line":28,"column":1}}},"1":{"name":"(anonymous_1)","decl":{"start":{"line":11,"column":30},"end":{"line":11,"column":31}},"loc":{"start":{"line":12,"column":4},"end":{"line":12,"column":58}}},"2":{"name":"(anonymous_2)","decl":{"start":{"line":12,"column":33},"end":{"line":12,"column":34}},"loc":{"start":{"line":12,"column":38},"end":{"line":12,"column":57}}},"3":{"name":"(anonymous_3)","decl":{"start":{"line":15,"column":22},"end":{"line":15,"column":25}},"loc":{"start":{"line":15,"column":27},"end":{"line":17,"column":3}}}},"branchMap":{"0":{"loc":{"start":{"line":19,"column":2},"end":{"line":19,"column":45}},"type":"if","locations":[{"start":{"line":19,"column":2},"end":{"line":19,"column":45}}]}},"s":{"0":0,"1":0,"2":0,"3":0,"4":0,"5":0,"6":0,"7":0,"8":0,"9":0,"10":0,"11":0,"12":0,"13":0,"14":0},"f":{"0":0,"1":0,"2":0,"3":0},"b":{"0":[0]}}
,"/Users/pavelmakarov/Desktop/marketplace/frontend/src/components/ProductModal.tsx": {"path":"/Users/pavelmakarov/Desktop/marketplace/frontend/src/components/ProductModal.tsx","statementMap":{"0":{"start":{"line":1,"column":0},"end":{"line":1,"column":34}},"1":{"start":{"line":2,"column":0},"end":{"line":2,"column":56}},"2":{"start":{"line":4,"column":0},"end":{"line":4,"column":40}},"3":{"start":{"line":12,"column":28},"end":{"line":103,"column":1}},"4":{"start":{"line":14,"column":2},"end":{"line":24,"column":15}},"5":{"start":{"line":15,"column":4},"end":{"line":19,"column":5}},"6":{"start":{"line":16,"column":6},"end":{"line":16,"column":46}},"7":{"start":{"line":18,"column":6},"end":{"line":18,"column":45}},"8":{"start":{"line":21,"column":4},"end":{"line":23,"column":6}},"9":{"start":{"line":22,"column":6},"end":{"line":22,"column":45}},"10":{"start":{"line":26,"column":2},"end":{"line":26,"column":27}},"11":{"start":{"line":26,"column":15},"end":{"line":26,"column":27}},"12":{"start":{"line":28,"column":2},"end":{"line":102,"column":4}},"13":{"start":{"line":43,"column":20},"end":{"line":43,"column":39}},"14":{"start":{"line":12,"column":13},"end":{"line":12,"column":28}}},"fnMap":{"0":{"name":"(anonymous_0)","decl":{"start":{"line":12,"column":28},"end":{"line":12,"column":29}},"loc":{"start":{"line":12,"column":80},"end":{"line":103,"column":1}}},"1":{"name":"(anonymous_1)","decl":{"start":{"line":14,"column":12},"end":{"line":14,"column":15}},"loc":{"start":{"line":14,"column":17},"end":{"line":24,"column":3}}},"2":{"name":"(anonymous_2)","decl":{"start":{"line":21,"column":11},"end":{"line":21,"column":14}},"loc":{"start":{"line":21,"column":16},"end":{"line":23,"column":5}}},"3":{"name":"(anonymous_3)","decl":{"start":{"line":43,"column":13},"end":{"line":43,"column":14}},"loc":{"start":{"line":43,"column":20},"end":{"line":43,"column":39}}}},"branchMap":{"0":{"loc":{"start":{"line":15,"column":4},"end":{"line":19,"column":5}},"type":"if","locations":[{"start":{"line":15,"column":4},"end":{"line":19,"column":5}},{"start":{"line":17,"column":11},"end":{"line":19,"column":5}}]},"1":{"loc":{"start":{"line":26,"column":2},"end":{"line":26,"column":27}},"type":"if","locations":[{"start":{"line":26,"column":2},"end":{"line":26,"column":27}}]}},"s":{"0":0,"1":0,"2":0,"3":0,"4":0,"5":0,"6":0,"7":0,"8":0,"9":0,"10":0,"11":0,"12":0,"13":0,"14":0},"f":{"0":0,"1":0,"2":0,"3":0},"b":{"0":[0,0],"1":[0]}}
,"/Users/pavelmakarov/Desktop/marketplace/frontend/src/components/Products.tsx": {"path":"/Users/pavelmakarov/Desktop/marketplace/frontend/src/components/Products.tsx","statementMap":{"0":{"start":{"line":1,"column":0},"end":{"line":1,"column":57}},"1":{"start":{"line":2,"column":0},"end":{"line":2,"column":54}},"2":{"start":{"line":3,"column":0},"end":{"line":3,"column":52}},"3":{"start":{"line":4,"column":0},"end":{"line":4,"column":42}},"4":{"start":{"line":6,"column":0},"end":{"line":6,"column":34}},"5":{"start":{"line":7,"column":0},"end":{"line":7,"column":36}},"6":{"start":{"line":8,"column":0},"end":{"line":8,"column":64}},"7":{"start":{"line":9,"column":0},"end":{"line":9,"column":46}},"8":{"start":{"line":10,"column":0},"end":{"line":10,"column":40}},"9":{"start":{"line":11,"column":0},"end":{"line":11,"column":34}},"10":{"start":{"line":12,"column":0},"end":{"line":12,"column":56}},"11":{"start":{"line":14,"column":28},"end":{"line":119,"column":1}},"12":{"start":{"line":15,"column":21},"end":{"line":15,"column":37}},"13":{"start":{"line":16,"column":32},"end":{"line":16,"column":66}},"14":{"start":{"line":17,"column":46},"end":{"line":17,"column":77}},"15":{"start":{"line":18,"column":30},"end":{"line":18,"column":42}},"16":{"start":{"line":19,"column":20},"end":{"line":19,"column":76}},"17":{"start":{"line":19,"column":53},"end":{"line":19,"column":75}},"18":{"start":{"line":20,"column":21},"end":{"line":20,"column":78}},"19":{"start":{"line":20,"column":54},"end":{"line":20,"column":77}},"20":{"start":{"line":21,"column":23},"end":{"line":21,"column":78}},"21":{"start":{"line":21,"column":56},"end":{"line":21,"column":77}},"22":{"start":{"line":22,"column":21},"end":{"line":22,"column":74}},"23":{"start":{"line":22,"column":54},"end":{"line":22,"column":73}},"24":{"start":{"line":23,"column":28},"end":{"line":23,"column":88}},"25":{"start":{"line":23,"column":61},"end":{"line":23,"column":87}},"26":{"start":{"line":24,"column":4},"end":{"line":27,"column":null}},"27":{"start":{"line":25,"column":8},"end":{"line":25,"column":32}},"28":{"start":{"line":26,"column":8},"end":{"line":26,"column":36}},"29":{"start":{"line":28,"column":4},"end":{"line":32,"column":null}},"30":{"start":{"line":29,"column":8},"end":{"line":31,"column":9}},"31":{"start":{"line":30,"column":12},"end":{"line":30,"column":87}},"32":{"start":{"line":33,"column":27},"end":{"line":47,"column":41}},"33":{"start":{"line":34,"column":25},"end":{"line":34,"column":57}},"34":{"start":{"line":35,"column":8},"end":{"line":46,"column":11}},"35":{"start":{"line":36,"column":12},"end":{"line":45,"column":13}},"36":{"start":{"line":38,"column":20},"end":{"line":38,"column":58}},"37":{"start":{"line":40,"column":41},"end":{"line":40,"column":68}},"38":{"start":{"line":41,"column":41},"end":{"line":41,"column":68}},"39":{"start":{"line":42,"column":20},"end":{"line":42,"column":79}},"40":{"start":{"line":44,"column":20},"end":{"line":44,"column":29}},"41":{"start":{"line":48,"column":4},"end":{"line":118,"column":null}},"42":{"start":{"line":57,"column":200},"end":{"line":57,"column":224}},"43":{"start":{"line":62,"column":36},"end":{"line":67,"column":37}},"44":{"start":{"line":63,"column":40},"end":{"line":63,"column":98}},"45":{"start":{"line":63,"column":65},"end":{"line":63,"column":96}},"46":{"start":{"line":65,"column":40},"end":{"line":65,"column":57}},"47":{"start":{"line":66,"column":40},"end":{"line":66,"column":64}},"48":{"start":{"line":77,"column":36},"end":{"line":82,"column":37}},"49":{"start":{"line":78,"column":40},"end":{"line":78,"column":98}},"50":{"start":{"line":78,"column":65},"end":{"line":78,"column":96}},"51":{"start":{"line":80,"column":40},"end":{"line":80,"column":59}},"52":{"start":{"line":81,"column":40},"end":{"line":81,"column":64}},"53":{"start":{"line":91,"column":32},"end":{"line":91,"column":89}},"54":{"start":{"line":94,"column":36},"end":{"line":96,"column":null}},"55":{"start":{"line":14,"column":13},"end":{"line":14,"column":28}},"56":{"start":{"line":121,"column":28},"end":{"line":154,"column":1}},"57":{"start":{"line":122,"column":28},"end":{"line":122,"column":43}},"58":{"start":{"line":123,"column":23},"end":{"line":123,"column":78}},"59":{"start":{"line":123,"column":56},"end":{"line":123,"column":77}},"60":{"start":{"line":124,"column":18},"end":{"line":124,"column":72}},"61":{"start":{"line":124,"column":46},"end":{"line":124,"column":64}},"62":{"start":{"line":125,"column":4},"end":{"line":153,"column":null}},"63":{"start":{"line":128,"column":32},"end":{"line":128,"column":45}},"64":{"start":{"line":133,"column":35},"end":{"line":133,"column":49}}},"fnMap":{"0":{"name":"(anonymous_0)","decl":{"start":{"line":14,"column":28},"end":{"line":14,"column":31}},"loc":{"start":{"line":14,"column":33},"end":{"line":119,"column":1}}},"1":{"name":"(anonymous_1)","decl":{"start":{"line":19,"column":32},"end":{"line":19,"column":33}},"loc":{"start":{"line":19,"column":53},"end":{"line":19,"column":75}}},"2":{"name":"(anonymous_2)","decl":{"start":{"line":20,"column":33},"end":{"line":20,"column":34}},"loc":{"start":{"line":20,"column":54},"end":{"line":20,"column":77}}},"3":{"name":"(anonymous_3)","decl":{"start":{"line":21,"column":35},"end":{"line":21,"column":36}},"loc":{"start":{"line":21,"column":56},"end":{"line":21,"column":77}}},"4":{"name":"(anonymous_4)","decl":{"start":{"line":22,"column":33},"end":{"line":22,"column":34}},"loc":{"start":{"line":22,"column":54},"end":{"line":22,"column":73}}},"5":{"name":"(anonymous_5)","decl":{"start":{"line":23,"column":40},"end":{"line":23,"column":41}},"loc":{"start":{"line":23,"column":61},"end":{"line":23,"column":87}}},"6":{"name":"(anonymous_6)","decl":{"start":{"line":24,"column":14},"end":{"line":24,"column":17}},"loc":{"start":{"line":24,"column":19},"end":{"line":27,"column":5}}},"7":{"name":"(anonymous_7)","decl":{"start":{"line":28,"column":14},"end":{"line":28,"column":17}},"loc":{"start":{"line":28,"column":19},"end":{"line":32,"column":5}}},"8":{"name":"(anonymous_8)","decl":{"start":{"line":33,"column":35},"end":{"line":33,"column":38}},"loc":{"start":{"line":33,"column":40},"end":{"line":47,"column":5}}},"9":{"name":"(anonymous_9)","decl":{"start":{"line":35,"column":34},"end":{"line":35,"column":35}},"loc":{"start":{"line":35,"column":43},"end":{"line":46,"column":9}}},"10":{"name":"(anonymous_10)","decl":{"start":{"line":57,"column":193},"end":{"line":57,"column":194}},"loc":{"start":{"line":57,"column":200},"end":{"line":57,"column":224}}},"11":{"name":"(anonymous_11)","decl":{"start":{"line":61,"column":41},"end":{"line":61,"column":44}},"loc":{"start":{"line":61,"column":46},"end":{"line":68,"column":33}}},"12":{"name":"(anonymous_12)","decl":{"start":{"line":63,"column":57},"end":{"line":63,"column":61}},"loc":{"start":{"line":63,"column":65},"end":{"line":63,"column":96}}},"13":{"name":"(anonymous_13)","decl":{"start":{"line":76,"column":41},"end":{"line":76,"column":44}},"loc":{"start":{"line":76,"column":46},"end":{"line":83,"column":33}}},"14":{"name":"(anonymous_14)","decl":{"start":{"line":78,"column":57},"end":{"line":78,"column":61}},"loc":{"start":{"line":78,"column":65},"end":{"line":78,"column":96}}},"15":{"name":"(anonymous_15)","decl":{"start":{"line":90,"column":51},"end":{"line":90,"column":58}},"loc":{"start":{"line":91,"column":32},"end":{"line":91,"column":89}}},"16":{"name":"(anonymous_16)","decl":{"start":{"line":93,"column":51},"end":{"line":93,"column":52}},"loc":{"start":{"line":94,"column":36},"end":{"line":96,"column":null}}},"17":{"name":"(anonymous_17)","decl":{"start":{"line":121,"column":28},"end":{"line":121,"column":29}},"loc":{"start":{"line":121,"column":41},"end":{"line":154,"column":1}}},"18":{"name":"(anonymous_18)","decl":{"start":{"line":123,"column":35},"end":{"line":123,"column":36}},"loc":{"start":{"line":123,"column":56},"end":{"line":123,"column":77}}},"19":{"name":"(anonymous_19)","decl":{"start":{"line":124,"column":36},"end":{"line":124,"column":42}},"loc":{"start":{"line":124,"column":46},"end":{"line":124,"column":64}}},"20":{"name":"(anonymous_20)","decl":{"start":{"line":128,"column":26},"end":{"line":128,"column":29}},"loc":{"start":{"line":128,"column":32},"end":{"line":128,"column":45}}},"21":{"name":"(anonymous_21)","decl":{"start":{"line":133,"column":29},"end":{"line":133,"column":32}},"loc":{"start":{"line":133,"column":35},"end":{"line":133,"column":49}}}},"branchMap":{"0":{"loc":{"start":{"line":29,"column":8},"end":{"line":31,"column":9}},"type":"if","locations":[{"start":{"line":29,"column":8},"end":{"line":31,"column":9}}]},"1":{"loc":{"start":{"line":29,"column":12},"end":{"line":29,"column":66}},"type":"binary-expr","locations":[{"start":{"line":29,"column":12},"end":{"line":29,"column":20}},{"start":{"line":29,"column":24},"end":{"line":29,"column":39}},{"start":{"line":29,"column":43},"end":{"line":29,"column":66}}]},"2":{"loc":{"start":{"line":34,"column":25},"end":{"line":34,"column":57}},"type":"cond-expr","locations":[{"start":{"line":34,"column":51},"end":{"line":34,"column":52}},{"start":{"line":34,"column":55},"end":{"line":34,"column":57}}]},"3":{"loc":{"start":{"line":36,"column":12},"end":{"line":45,"column":13}},"type":"switch","locations":[{"start":{"line":37,"column":16},"end":{"line":38,"column":58}},{"start":{"line":39,"column":16},"end":{"line":42,"column":79}},{"start":{"line":43,"column":16},"end":{"line":44,"column":29}}]},"4":{"loc":{"start":{"line":40,"column":41},"end":{"line":40,"column":68}},"type":"binary-expr","locations":[{"start":{"line":40,"column":41},"end":{"line":40,"column":62}},{"start":{"line":40,"column":66},"end":{"line":40,"column":68}}]},"5":{"loc":{"start":{"line":41,"column":41},"end":{"line":41,"column":68}},"type":"binary-expr","locations":[{"start":{"line":41,"column":41},"end":{"line":41,"column":62}},{"start":{"line":41,"column":66},"end":{"line":41,"column":68}}]},"6":{"loc":{"start":{"line":52,"column":17},"end":{"line":113,"column":null}},"type":"cond-expr","locations":[{"start":{"line":53,"column":20},"end":{"line":53,"column":31}},{"start":{"line":55,"column":20},"end":{"line":113,"column":null}}]},"7":{"loc":{"start":{"line":60,"column":43},"end":{"line":60,"column":87}},"type":"cond-expr","locations":[{"start":{"line":60,"column":62},"end":{"line":60,"column":75}},{"start":{"line":60,"column":78},"end":{"line":60,"column":87}}]},"8":{"loc":{"start":{"line":62,"column":36},"end":{"line":67,"column":37}},"type":"if","locations":[{"start":{"line":62,"column":36},"end":{"line":67,"column":37}},{"start":{"line":64,"column":43},"end":{"line":67,"column":37}}]},"9":{"loc":{"start":{"line":63,"column":65},"end":{"line":63,"column":96}},"type":"cond-expr","locations":[{"start":{"line":63,"column":82},"end":{"line":63,"column":88}},{"start":{"line":63,"column":91},"end":{"line":63,"column":96}}]},"10":{"loc":{"start":{"line":75,"column":43},"end":{"line":75,"column":89}},"type":"cond-expr","locations":[{"start":{"line":75,"column":64},"end":{"line":75,"column":77}},{"start":{"line":75,"column":80},"end":{"line":75,"column":89}}]},"11":{"loc":{"start":{"line":77,"column":36},"end":{"line":82,"column":37}},"type":"if","locations":[{"start":{"line":77,"column":36},"end":{"line":82,"column":37}},{"start":{"line":79,"column":43},"end":{"line":82,"column":37}}]},"12":{"loc":{"start":{"line":78,"column":65},"end":{"line":78,"column":96}},"type":"cond-expr","locations":[{"start":{"line":78,"column":82},"end":{"line":78,"column":88}},{"start":{"line":78,"column":91},"end":{"line":78,"column":96}}]},"13":{"loc":{"start":{"line":90,"column":29},"end":{"line":111,"column":null}},"type":"cond-expr","locations":[{"start":{"line":93,"column":32},"end":{"line":104,"column":34}},{"start":{"line":107,"column":36},"end":{"line":110,"column":null}}]},"14":{"loc":{"start":{"line":94,"column":36},"end":{"line":96,"column":null}},"type":"binary-expr","locations":[{"start":{"line":94,"column":36},"end":{"line":94,"column":93}},{"start":{"line":95,"column":36},"end":{"line":96,"column":null}}]}},"s":{"0":0,"1":0,"2":0,"3":0,"4":0,"5":0,"6":0,"7":0,"8":0,"9":0,"10":0,"11":0,"12":0,"13":0,"14":0,"15":0,"16":0,"17":0,"18":0,"19":0,"20":0,"21":0,"22":0,"23":0,"24":0,"25":0,"26":0,"27":0,"28":0,"29":0,"30":0,"31":0,"32":0,"33":0,"34":0,"35":0,"36":0,"37":0,"38":0,"39":0,"40":0,"41":0,"42":0,"43":0,"44":0,"45":0,"46":0,"47":0,"48":0,"49":0,"50":0,"51":0,"52":0,"53":0,"54":0,"55":0,"56":0,"57":0,"58":0,"59":0,"60":0,"61":0,"62":0,"63":0,"64":0},"f":{"0":0,"1":0,"2":0,"3":0,"4":0,"5":0,"6":0,"7":0,"8":0,"9":0,"10":0,"11":0,"12":0,"13":0,"14":0,"15":0,"16":0,"17":0,"18":0,"19":0,"20":0,"21":0},"b":{"0":[0],"1":[0,0,0],"2":[0,0],"3":[0,0,0],"4":[0,0],"5":[0,0],"6":[0,0],"7":[0,0],"8":[0,0],"9":[0,0],"10":[0,0],"11":[0,0],"12":[0,0],"13":[0,0],"14":[0,0]}}
,"/Users/pavelmakarov/Desktop/marketplace/frontend/src/components/ProtectedRoute.tsx": {"path":"/Users/pavelmakarov/Desktop/marketplace/frontend/src/components/ProtectedRoute.tsx","statementMap":{"0":{"start":{"line":1,"column":0},"end":{"line":1,"column":42}},"1":{"start":{"line":2,"column":0},"end":{"line":2,"column":52}},"2":{"start":{"line":4,"column":0},"end":{"line":4,"column":64}},"3":{"start":{"line":7,"column":30},"end":{"line":20,"column":1}},"4":{"start":{"line":8,"column":24},"end":{"line":8,"column":38}},"5":{"start":{"line":9,"column":26},"end":{"line":9,"column":86}},"6":{"start":{"line":9,"column":59},"end":{"line":9,"column":85}},"7":{"start":{"line":10,"column":19},"end":{"line":10,"column":32}},"8":{"start":{"line":11,"column":2},"end":{"line":17,"column":3}},"9":{"start":{"line":12,"column":4},"end":{"line":16,"column":6}},"10":{"start":{"line":19,"column":2},"end":{"line":19,"column":101}},"11":{"start":{"line":7,"column":13},"end":{"line":7,"column":30}}},"fnMap":{"0":{"name":"(anonymous_0)","decl":{"start":{"line":7,"column":30},"end":{"line":7,"column":33}},"loc":{"start":{"line":7,"column":35},"end":{"line":20,"column":1}}},"1":{"name":"(anonymous_1)","decl":{"start":{"line":9,"column":38},"end":{"line":9,"column":39}},"loc":{"start":{"line":9,"column":59},"end":{"line":9,"column":85}}}},"branchMap":{"0":{"loc":{"start":{"line":11,"column":2},"end":{"line":17,"column":3}},"type":"if","locations":[{"start":{"line":11,"column":2},"end":{"line":17,"column":3}}]},"1":{"loc":{"start":{"line":19,"column":9},"end":{"line":19,"column":100}},"type":"cond-expr","locations":[{"start":{"line":19,"column":27},"end":{"line":19,"column":37}},{"start":{"line":19,"column":40},"end":{"line":19,"column":100}}]}},"s":{"0":0,"1":0,"2":0,"3":0,"4":0,"5":0,"6":0,"7":0,"8":0,"9":0,"10":0,"11":0},"f":{"0":0,"1":0},"b":{"0":[0],"1":[0,0]}}
,"/Users/pavelmakarov/Desktop/marketplace/frontend/src/components/Signin.tsx": {"path":"/Users/pavelmakarov/Desktop/marketplace/frontend/src/components/Signin.tsx","statementMap":{"0":{"start":{"line":2,"column":0},"end":{"line":2,"column":33}},"1":{"start":{"line":3,"column":0},"end":{"line":3,"column":47}},"2":{"start":{"line":4,"column":0},"end":{"line":4,"column":39}},"3":{"start":{"line":5,"column":0},"end":{"line":5,"column":44}},"4":{"start":{"line":6,"column":0},"end":{"line":6,"column":76}},"5":{"start":{"line":7,"column":0},"end":{"line":7,"column":42}},"6":{"start":{"line":9,"column":26},"end":{"line":186,"column":1}},"7":{"start":{"line":10,"column":34},"end":{"line":10,"column":46}},"8":{"start":{"line":11,"column":34},"end":{"line":11,"column":46}},"9":{"start":{"line":12,"column":28},"end":{"line":12,"column":40}},"10":{"start":{"line":13,"column":36},"end":{"line":13,"column":51}},"11":{"start":{"line":14,"column":42},"end":{"line":14,"column":57}},"12":{"start":{"line":15,"column":19},"end":{"line":15,"column":32}},"13":{"start":{"line":16,"column":19},"end":{"line":16,"column":35}},"14":{"start":{"line":17,"column":35},"end":{"line":19,"column":3}},"15":{"start":{"line":18,"column":4},"end":{"line":18,"column":35}},"16":{"start":{"line":21,"column":23},"end":{"line":61,"column":3}},"17":{"start":{"line":22,"column":4},"end":{"line":22,"column":23}},"18":{"start":{"line":23,"column":4},"end":{"line":23,"column":23}},"19":{"start":{"line":25,"column":4},"end":{"line":60,"column":5}},"20":{"start":{"line":26,"column":23},"end":{"line":29,"column":8}},"21":{"start":{"line":31,"column":6},"end":{"line":34,"column":7}},"22":{"start":{"line":32,"column":26},"end":{"line":32,"column":65}},"23":{"start":{"line":32,"column":61},"end":{"line":32,"column":63}},"24":{"start":{"line":33,"column":8},"end":{"line":33,"column":75}},"25":{"start":{"line":36,"column":57},"end":{"line":36,"column":78}},"26":{"start":{"line":38,"column":6},"end":{"line":40,"column":7}},"27":{"start":{"line":39,"column":8},"end":{"line":39,"column":53}},"28":{"start":{"line":41,"column":23},"end":{"line":45,"column":8}},"29":{"start":{"line":47,"column":6},"end":{"line":47,"column":62}},"30":{"start":{"line":47,"column":24},"end":{"line":47,"column":62}},"31":{"start":{"line":48,"column":6},"end":{"line":48,"column":54}},"32":{"start":{"line":49,"column":6},"end":{"line":49,"column":20}},"33":{"start":{"line":51,"column":6},"end":{"line":51,"column":50}},"34":{"start":{"line":52,"column":22},"end":{"line":52,"column":82}},"35":{"start":{"line":53,"column":6},"end":{"line":53,"column":24}},"36":{"start":{"line":55,"column":6},"end":{"line":55,"column":41}},"37":{"start":{"line":56,"column":6},"end":{"line":56,"column":44}},"38":{"start":{"line":57,"column":6},"end":{"line":57,"column":56}},"39":{"start":{"line":58,"column":6},"end":{"line":58,"column":51}},"40":{"start":{"line":59,"column":6},"end":{"line":59,"column":26}},"41":{"start":{"line":63,"column":2},"end":{"line":185,"column":4}},"42":{"start":{"line":105,"column":37},"end":{"line":105,"column":64}},"43":{"start":{"line":132,"column":37},"end":{"line":132,"column":64}},"44":{"start":{"line":9,"column":13},"end":{"line":9,"column":26}}},"fnMap":{"0":{"name":"(anonymous_0)","decl":{"start":{"line":9,"column":26},"end":{"line":9,"column":29}},"loc":{"start":{"line":9,"column":31},"end":{"line":186,"column":1}}},"1":{"name":"(anonymous_1)","decl":{"start":{"line":17,"column":35},"end":{"line":17,"column":38}},"loc":{"start":{"line":17,"column":40},"end":{"line":19,"column":3}}},"2":{"name":"(anonymous_2)","decl":{"start":{"line":21,"column":23},"end":{"line":21,"column":28}},"loc":{"start":{"line":21,"column":52},"end":{"line":61,"column":3}}},"3":{"name":"(anonymous_3)","decl":{"start":{"line":32,"column":54},"end":{"line":32,"column":57}},"loc":{"start":{"line":32,"column":61},"end":{"line":32,"column":63}}},"4":{"name":"(anonymous_4)","decl":{"start":{"line":105,"column":30},"end":{"line":105,"column":31}},"loc":{"start":{"line":105,"column":37},"end":{"line":105,"column":64}}},"5":{"name":"(anonymous_5)","decl":{"start":{"line":132,"column":30},"end":{"line":132,"column":31}},"loc":{"start":{"line":132,"column":37},"end":{"line":132,"column":64}}}},"branchMap":{"0":{"loc":{"start":{"line":31,"column":6},"end":{"line":34,"column":7}},"type":"if","locations":[{"start":{"line":31,"column":6},"end":{"line":34,"column":7}}]},"1":{"loc":{"start":{"line":33,"column":24},"end":{"line":33,"column":73}},"type":"binary-expr","locations":[{"start":{"line":33,"column":24},"end":{"line":33,"column":41}},{"start":{"line":33,"column":45},"end":{"line":33,"column":73}}]},"2":{"loc":{"start":{"line":38,"column":6},"end":{"line":40,"column":7}},"type":"if","locations":[{"start":{"line":38,"column":6},"end":{"line":40,"column":7}}]},"3":{"loc":{"start":{"line":47,"column":6},"end":{"line":47,"column":62}},"type":"if","locations":[{"start":{"line":47,"column":6},"end":{"line":47,"column":62}}]},"4":{"loc":{"start":{"line":52,"column":22},"end":{"line":52,"column":82}},"type":"cond-expr","locations":[{"start":{"line":52,"column":45},"end":{"line":52,"column":56}},{"start":{"line":52,"column":59},"end":{"line":52,"column":82}}]},"5":{"loc":{"start":{"line":78,"column":13},"end":{"line":85,"column":null}},"type":"binary-expr","locations":[{"start":{"line":78,"column":13},"end":{"line":78,"column":18}},{"start":{"line":79,"column":14},"end":{"line":84,"column":null}}]},"6":{"loc":{"start":{"line":129,"column":26},"end":{"line":129,"column":60}},"type":"cond-expr","locations":[{"start":{"line":129,"column":41},"end":{"line":129,"column":47}},{"start":{"line":129,"column":50},"end":{"line":129,"column":60}}]},"7":{"loc":{"start":{"line":140,"column":32},"end":{"line":140,"column":82}},"type":"cond-expr","locations":[{"start":{"line":140,"column":47},"end":{"line":140,"column":62}},{"start":{"line":140,"column":65},"end":{"line":140,"column":82}}]},"8":{"loc":{"start":{"line":142,"column":21},"end":{"line":145,"column":null}},"type":"cond-expr","locations":[{"start":{"line":143,"column":22},"end":{"line":143,"column":52}},{"start":{"line":145,"column":22},"end":{"line":145,"column":49}}]},"9":{"loc":{"start":{"line":157,"column":286},"end":{"line":157,"column":334}},"type":"cond-expr","locations":[{"start":{"line":157,"column":298},"end":{"line":157,"column":329}},{"start":{"line":157,"column":332},"end":{"line":157,"column":334}}]},"10":{"loc":{"start":{"line":159,"column":19},"end":{"line":168,"column":null}},"type":"cond-expr","locations":[{"start":{"line":160,"column":20},"end":{"line":164,"column":null}},{"start":{"line":168,"column":20},"end":{"line":168,"column":37}}]}},"s":{"0":0,"1":0,"2":0,"3":0,"4":0,"5":0,"6":0,"7":0,"8":0,"9":0,"10":0,"11":0,"12":0,"13":0,"14":0,"15":0,"16":0,"17":0,"18":0,"19":0,"20":0,"21":0,"22":0,"23":0,"24":0,"25":0,"26":0,"27":0,"28":0,"29":0,"30":0,"31":0,"32":0,"33":0,"34":0,"35":0,"36":0,"37":0,"38":0,"39":0,"40":0,"41":0,"42":0,"43":0,"44":0},"f":{"0":0,"1":0,"2":0,"3":0,"4":0,"5":0},"b":{"0":[0],"1":[0,0],"2":[0],"3":[0],"4":[0,0],"5":[0,0],"6":[0,0],"7":[0,0],"8":[0,0],"9":[0,0],"10":[0,0]}}
,"/Users/pavelmakarov/Desktop/marketplace/frontend/src/components/Signup.tsx": {"path":"/Users/pavelmakarov/Desktop/marketplace/frontend/src/components/Signup.tsx","statementMap":{"0":{"start":{"line":1,"column":0},"end":{"line":1,"column":37}},"1":{"start":{"line":2,"column":0},"end":{"line":2,"column":58}},"2":{"start":{"line":3,"column":0},"end":{"line":3,"column":39}},"3":{"start":{"line":5,"column":26},"end":{"line":238,"column":1}},"4":{"start":{"line":6,"column":34},"end":{"line":11,"column":4}},"5":{"start":{"line":12,"column":42},"end":{"line":12,"column":57}},"6":{"start":{"line":13,"column":30},"end":{"line":13,"column":66}},"7":{"start":{"line":14,"column":36},"end":{"line":14,"column":51}},"8":{"start":{"line":16,"column":23},"end":{"line":19,"column":3}},"9":{"start":{"line":17,"column":28},"end":{"line":17,"column":36}},"10":{"start":{"line":18,"column":4},"end":{"line":18,"column":54}},"11":{"start":{"line":18,"column":25},"end":{"line":18,"column":51}},"12":{"start":{"line":21,"column":19},"end":{"line":38,"column":3}},"13":{"start":{"line":22,"column":46},"end":{"line":22,"column":48}},"14":{"start":{"line":24,"column":4},"end":{"line":24,"column":76}},"15":{"start":{"line":24,"column":28},"end":{"line":24,"column":76}},"16":{"start":{"line":25,"column":4},"end":{"line":25,"column":79}},"17":{"start":{"line":25,"column":38},"end":{"line":25,"column":79}},"18":{"start":{"line":27,"column":4},"end":{"line":27,"column":66}},"19":{"start":{"line":27,"column":28},"end":{"line":27,"column":66}},"20":{"start":{"line":28,"column":4},"end":{"line":28,"column":80}},"21":{"start":{"line":28,"column":38},"end":{"line":28,"column":80}},"22":{"start":{"line":30,"column":4},"end":{"line":32,"column":5}},"23":{"start":{"line":31,"column":6},"end":{"line":31,"column":55}},"24":{"start":{"line":34,"column":4},"end":{"line":34,"column":86}},"25":{"start":{"line":34,"column":34},"end":{"line":34,"column":86}},"26":{"start":{"line":36,"column":4},"end":{"line":36,"column":25}},"27":{"start":{"line":37,"column":4},"end":{"line":37,"column":47}},"28":{"start":{"line":40,"column":23},"end":{"line":66,"column":3}},"29":{"start":{"line":41,"column":4},"end":{"line":41,"column":23}},"30":{"start":{"line":42,"column":4},"end":{"line":42,"column":28}},"31":{"start":{"line":42,"column":21},"end":{"line":42,"column":28}},"32":{"start":{"line":44,"column":4},"end":{"line":44,"column":23}},"33":{"start":{"line":45,"column":4},"end":{"line":65,"column":5}},"34":{"start":{"line":46,"column":23},"end":{"line":54,"column":8}},"35":{"start":{"line":56,"column":6},"end":{"line":56,"column":62}},"36":{"start":{"line":56,"column":24},"end":{"line":56,"column":62}},"37":{"start":{"line":58,"column":6},"end":{"line":58,"column":39}},"38":{"start":{"line":60,"column":6},"end":{"line":60,"column":48}},"39":{"start":{"line":61,"column":22},"end":{"line":61,"column":80}},"40":{"start":{"line":62,"column":6},"end":{"line":62,"column":35}},"41":{"start":{"line":64,"column":6},"end":{"line":64,"column":26}},"42":{"start":{"line":68,"column":2},"end":{"line":237,"column":4}},"43":{"start":{"line":139,"column":33},"end":{"line":139,"column":63}},"44":{"start":{"line":173,"column":33},"end":{"line":173,"column":63}},"45":{"start":{"line":5,"column":13},"end":{"line":5,"column":26}}},"fnMap":{"0":{"name":"(anonymous_0)","decl":{"start":{"line":5,"column":26},"end":{"line":5,"column":29}},"loc":{"start":{"line":5,"column":31},"end":{"line":238,"column":1}}},"1":{"name":"(anonymous_1)","decl":{"start":{"line":16,"column":23},"end":{"line":16,"column":24}},"loc":{"start":{"line":16,"column":66},"end":{"line":19,"column":3}}},"2":{"name":"(anonymous_2)","decl":{"start":{"line":18,"column":16},"end":{"line":18,"column":20}},"loc":{"start":{"line":18,"column":25},"end":{"line":18,"column":51}}},"3":{"name":"(anonymous_3)","decl":{"start":{"line":21,"column":19},"end":{"line":21,"column":22}},"loc":{"start":{"line":21,"column":24},"end":{"line":38,"column":3}}},"4":{"name":"(anonymous_4)","decl":{"start":{"line":40,"column":23},"end":{"line":40,"column":28}},"loc":{"start":{"line":40,"column":52},"end":{"line":66,"column":3}}},"5":{"name":"(anonymous_5)","decl":{"start":{"line":139,"column":27},"end":{"line":139,"column":30}},"loc":{"start":{"line":139,"column":33},"end":{"line":139,"column":63}}},"6":{"name":"(anonymous_6)","decl":{"start":{"line":173,"column":27},"end":{"line":173,"column":30}},"loc":{"start":{"line":173,"column":33},"end":{"line":173,"column":63}}}},"branchMap":{"0":{"loc":{"start":{"line":24,"column":4},"end":{"line":24,"column":76}},"type":"if","locations":[{"start":{"line":24,"column":4},"end":{"line":24,"column":76}}]},"1":{"loc":{"start":{"line":25,"column":4},"end":{"line":25,"column":79}},"type":"if","locations":[{"start":{"line":25,"column":4},"end":{"line":25,"column":79}}]},"2":{"loc":{"start":{"line":27,"column":4},"end":{"line":27,"column":66}},"type":"if","locations":[{"start":{"line":27,"column":4},"end":{"line":27,"column":66}}]},"3":{"loc":{"start":{"line":28,"column":4},"end":{"line":28,"column":80}},"type":"if","locations":[{"start":{"line":28,"column":4},"end":{"line":28,"column":80}}]},"4":{"loc":{"start":{"line":30,"column":4},"end":{"line":32,"column":5}},"type":"if","locations":[{"start":{"line":30,"column":4},"end":{"line":32,"column":5}}]},"5":{"loc":{"start":{"line":34,"column":4},"end":{"line":34,"column":86}},"type":"if","locations":[{"start":{"line":34,"column":4},"end":{"line":34,"column":86}}]},"6":{"loc":{"start":{"line":42,"column":4},"end":{"line":42,"column":28}},"type":"if","locations":[{"start":{"line":42,"column":4},"end":{"line":42,"column":28}}]},"7":{"loc":{"start":{"line":56,"column":6},"end":{"line":56,"column":62}},"type":"if","locations":[{"start":{"line":56,"column":6},"end":{"line":56,"column":62}}]},"8":{"loc":{"start":{"line":61,"column":22},"end":{"line":61,"column":80}},"type":"cond-expr","locations":[{"start":{"line":61,"column":45},"end":{"line":61,"column":56}},{"start":{"line":61,"column":59},"end":{"line":61,"column":80}}]},"9":{"loc":{"start":{"line":83,"column":13},"end":{"line":90,"column":null}},"type":"binary-expr","locations":[{"start":{"line":83,"column":13},"end":{"line":83,"column":24}},{"start":{"line":84,"column":14},"end":{"line":89,"column":null}}]},"10":{"loc":{"start":{"line":107,"column":68},"end":{"line":107,"column":122}},"type":"cond-expr","locations":[{"start":{"line":107,"column":86},"end":{"line":107,"column":102}},{"start":{"line":107,"column":105},"end":{"line":107,"column":122}}]},"11":{"loc":{"start":{"line":111,"column":15},"end":{"line":111,"column":96}},"type":"binary-expr","locations":[{"start":{"line":111,"column":15},"end":{"line":111,"column":30}},{"start":{"line":111,"column":34},"end":{"line":111,"column":96}}]},"12":{"loc":{"start":{"line":131,"column":24},"end":{"line":131,"column":58}},"type":"cond-expr","locations":[{"start":{"line":131,"column":39},"end":{"line":131,"column":45}},{"start":{"line":131,"column":48},"end":{"line":131,"column":58}}]},"13":{"loc":{"start":{"line":134,"column":69},"end":{"line":134,"column":123}},"type":"cond-expr","locations":[{"start":{"line":134,"column":87},"end":{"line":134,"column":103}},{"start":{"line":134,"column":106},"end":{"line":134,"column":123}}]},"14":{"loc":{"start":{"line":142,"column":19},"end":{"line":142,"column":94}},"type":"cond-expr","locations":[{"start":{"line":142,"column":34},"end":{"line":142,"column":64}},{"start":{"line":142,"column":67},"end":{"line":142,"column":94}}]},"15":{"loc":{"start":{"line":145,"column":15},"end":{"line":145,"column":96}},"type":"binary-expr","locations":[{"start":{"line":145,"column":15},"end":{"line":145,"column":30}},{"start":{"line":145,"column":34},"end":{"line":145,"column":96}}]},"16":{"loc":{"start":{"line":165,"column":24},"end":{"line":165,"column":58}},"type":"cond-expr","locations":[{"start":{"line":165,"column":39},"end":{"line":165,"column":45}},{"start":{"line":165,"column":48},"end":{"line":165,"column":58}}]},"17":{"loc":{"start":{"line":168,"column":69},"end":{"line":168,"column":129}},"type":"cond-expr","locations":[{"start":{"line":168,"column":93},"end":{"line":168,"column":109}},{"start":{"line":168,"column":112},"end":{"line":168,"column":129}}]},"18":{"loc":{"start":{"line":176,"column":19},"end":{"line":176,"column":94}},"type":"cond-expr","locations":[{"start":{"line":176,"column":34},"end":{"line":176,"column":64}},{"start":{"line":176,"column":67},"end":{"line":176,"column":94}}]},"19":{"loc":{"start":{"line":179,"column":15},"end":{"line":179,"column":108}},"type":"binary-expr","locations":[{"start":{"line":179,"column":15},"end":{"line":179,"column":36}},{"start":{"line":179,"column":40},"end":{"line":179,"column":108}}]},"20":{"loc":{"start":{"line":196,"column":68},"end":{"line":196,"column":128}},"type":"cond-expr","locations":[{"start":{"line":196,"column":92},"end":{"line":196,"column":108}},{"start":{"line":196,"column":111},"end":{"line":196,"column":128}}]},"21":{"loc":{"start":{"line":200,"column":15},"end":{"line":200,"column":108}},"type":"binary-expr","locations":[{"start":{"line":200,"column":15},"end":{"line":200,"column":36}},{"start":{"line":200,"column":40},"end":{"line":200,"column":108}}]},"22":{"loc":{"start":{"line":209,"column":253},"end":{"line":209,"column":301}},"type":"cond-expr","locations":[{"start":{"line":209,"column":265},"end":{"line":209,"column":296}},{"start":{"line":209,"column":299},"end":{"line":209,"column":301}}]},"23":{"loc":{"start":{"line":211,"column":17},"end":{"line":220,"column":null}},"type":"cond-expr","locations":[{"start":{"line":212,"column":18},"end":{"line":216,"column":null}},{"start":{"line":220,"column":18},"end":{"line":220,"column":38}}]}},"s":{"0":0,"1":0,"2":0,"3":0,"4":0,"5":0,"6":0,"7":0,"8":0,"9":0,"10":0,"11":0,"12":0,"13":0,"14":0,"15":0,"16":0,"17":0,"18":0,"19":0,"20":0,"21":0,"22":0,"23":0,"24":0,"25":0,"26":0,"27":0,"28":0,"29":0,"30":0,"31":0,"32":0,"33":0,"34":0,"35":0,"36":0,"37":0,"38":0,"39":0,"40":0,"41":0,"42":0,"43":0,"44":0,"45":0},"f":{"0":0,"1":0,"2":0,"3":0,"4":0,"5":0,"6":0},"b":{"0":[0],"1":[0],"2":[0],"3":[0],"4":[0],"5":[0],"6":[0],"7":[0],"8":[0,0],"9":[0,0],"10":[0,0],"11":[0,0],"12":[0,0],"13":[0,0],"14":[0,0],"15":[0,0],"16":[0,0],"17":[0,0],"18":[0,0],"19":[0,0],"20":[0,0],"21":[0,0],"22":[0,0],"23":[0,0]}}
,"/Users/pavelmakarov/Desktop/marketplace/frontend/src/components/SortBy.tsx": {"path":"/Users/pavelmakarov/Desktop/marketplace/frontend/src/components/SortBy.tsx","statementMap":{"0":{"start":{"line":10,"column":43},"end":{"line":28,"column":null}},"1":{"start":{"line":16,"column":4},"end":{"line":27,"column":null}},"2":{"start":{"line":10,"column":13},"end":{"line":10,"column":43}}},"fnMap":{"0":{"name":"(anonymous_0)","decl":{"start":{"line":10,"column":43},"end":{"line":10,"column":44}},"loc":{"start":{"line":16,"column":4},"end":{"line":27,"column":null}}}},"branchMap":{"0":{"loc":{"start":{"line":19,"column":12},"end":{"line":19,"column":null}},"type":"cond-expr","locations":[{"start":{"line":19,"column":21},"end":{"line":19,"column":45}},{"start":{"line":19,"column":48},"end":{"line":19,"column":null}}]},"1":{"loc":{"start":{"line":23,"column":9},"end":{"line":26,"column":null}},"type":"binary-expr","locations":[{"start":{"line":23,"column":9},"end":{"line":23,"column":15}},{"start":{"line":24,"column":12},"end":{"line":25,"column":null}}]},"2":{"loc":{"start":{"line":25,"column":17},"end":{"line":25,"column":48}},"type":"cond-expr","locations":[{"start":{"line":25,"column":39},"end":{"line":25,"column":42}},{"start":{"line":25,"column":45},"end":{"line":25,"column":48}}]}},"s":{"0":0,"1":0,"2":0},"f":{"0":0},"b":{"0":[0,0],"1":[0,0],"2":[0,0]}}
,"/Users/pavelmakarov/Desktop/marketplace/frontend/src/components/hooks/useAuthCheck.tsx": {"path":"/Users/pavelmakarov/Desktop/marketplace/frontend/src/components/hooks/useAuthCheck.tsx","statementMap":{"0":{"start":{"line":1,"column":0},"end":{"line":1,"column":44}},"1":{"start":{"line":2,"column":0},"end":{"line":2,"column":42}},"2":{"start":{"line":3,"column":0},"end":{"line":3,"column":48}},"3":{"start":{"line":6,"column":28},"end":{"line":34,"column":3}},"4":{"start":{"line":7,"column":21},"end":{"line":7,"column":34}},"5":{"start":{"line":8,"column":46},"end":{"line":8,"column":61}},"6":{"start":{"line":10,"column":4},"end":{"line":31,"column":19}},"7":{"start":{"line":11,"column":24},"end":{"line":28,"column":7}},"8":{"start":{"line":12,"column":8},"end":{"line":27,"column":9}},"9":{"start":{"line":13,"column":27},"end":{"line":18,"column":12}},"10":{"start":{"line":20,"column":10},"end":{"line":20,"column":65}},"11":{"start":{"line":20,"column":28},"end":{"line":20,"column":65}},"12":{"start":{"line":23,"column":10},"end":{"line":23,"column":52}},"13":{"start":{"line":24,"column":10},"end":{"line":24,"column":29}},"14":{"start":{"line":26,"column":10},"end":{"line":26,"column":33}},"15":{"start":{"line":30,"column":6},"end":{"line":30,"column":18}},"16":{"start":{"line":33,"column":4},"end":{"line":33,"column":25}},"17":{"start":{"line":6,"column":13},"end":{"line":6,"column":28}}},"fnMap":{"0":{"name":"(anonymous_0)","decl":{"start":{"line":6,"column":28},"end":{"line":6,"column":40}},"loc":{"start":{"line":6,"column":42},"end":{"line":34,"column":3}}},"1":{"name":"(anonymous_1)","decl":{"start":{"line":10,"column":14},"end":{"line":10,"column":17}},"loc":{"start":{"line":10,"column":19},"end":{"line":31,"column":5}}},"2":{"name":"(anonymous_2)","decl":{"start":{"line":11,"column":24},"end":{"line":11,"column":29}},"loc":{"start":{"line":11,"column":35},"end":{"line":28,"column":7}}}},"branchMap":{"0":{"loc":{"start":{"line":20,"column":10},"end":{"line":20,"column":65}},"type":"if","locations":[{"start":{"line":20,"column":10},"end":{"line":20,"column":65}}]}},"s":{"0":0,"1":0,"2":0,"3":0,"4":0,"5":0,"6":0,"7":0,"8":0,"9":0,"10":0,"11":0,"12":0,"13":0,"14":0,"15":0,"16":0,"17":0},"f":{"0":0,"1":0,"2":0},"b":{"0":[0]}}
,"/Users/pavelmakarov/Desktop/marketplace/frontend/src/store/index.ts": {"path":"/Users/pavelmakarov/Desktop/marketplace/frontend/src/store/index.ts","statementMap":{"0":{"start":{"line":1,"column":0},"end":{"line":1,"column":67}},"1":{"start":{"line":2,"column":0},"end":{"line":2,"column":42}},"2":{"start":{"line":3,"column":0},"end":{"line":3,"column":51}},"3":{"start":{"line":4,"column":0},"end":{"line":4,"column":47}},"4":{"start":{"line":5,"column":0},"end":{"line":5,"column":43}},"5":{"start":{"line":7,"column":20},"end":{"line":11,"column":2}},"6":{"start":{"line":13,"column":13},"end":{"line":15,"column":3}},"7":{"start":{"line":19,"column":30},"end":{"line":19,"column":62}},"8":{"start":{"line":19,"column":36},"end":{"line":19,"column":62}},"9":{"start":{"line":19,"column":13},"end":{"line":19,"column":30}}},"fnMap":{"0":{"name":"(anonymous_0)","decl":{"start":{"line":19,"column":30},"end":{"line":19,"column":33}},"loc":{"start":{"line":19,"column":36},"end":{"line":19,"column":62}}}},"branchMap":{},"s":{"0":1,"1":1,"2":1,"3":1,"4":1,"5":1,"6":1,"7":1,"8":5,"9":1},"f":{"0":5},"b":{}}
,"/Users/pavelmakarov/Desktop/marketplace/frontend/src/store/orders.slice.ts": {"path":"/Users/pavelmakarov/Desktop/marketplace/frontend/src/store/orders.slice.ts","statementMap":{"0":{"start":{"line":2,"column":0},"end":{"line":2,"column":79}},"1":{"start":{"line":3,"column":0},"end":{"line":3,"column":76}},"2":{"start":{"line":4,"column":34},"end":{"line":7,"column":2}},"3":{"start":{"line":9,"column":13},"end":{"line":23,"column":3}},"4":{"start":{"line":14,"column":6},"end":{"line":14,"column":58}},"5":{"start":{"line":17,"column":6},"end":{"line":17,"column":36}},"6":{"start":{"line":20,"column":6},"end":{"line":20,"column":37}},"7":{"start":{"line":26,"column":13},"end":{"line":45,"column":2}},"8":{"start":{"line":29,"column":21},"end":{"line":33,"column":6}},"9":{"start":{"line":35,"column":4},"end":{"line":37,"column":5}},"10":{"start":{"line":36,"column":6},"end":{"line":36,"column":62}},"11":{"start":{"line":39,"column":17},"end":{"line":39,"column":38}},"12":{"start":{"line":41,"column":4},"end":{"line":41,"column":30}},"13":{"start":{"line":42,"column":4},"end":{"line":42,"column":35}},"14":{"start":{"line":43,"column":4},"end":{"line":43,"column":16}},"15":{"start":{"line":47,"column":13},"end":{"line":88,"column":2}},"16":{"start":{"line":50,"column":4},"end":{"line":86,"column":5}},"17":{"start":{"line":51,"column":26},"end":{"line":51,"column":36}},"18":{"start":{"line":52,"column":27},"end":{"line":52,"column":37}},"19":{"start":{"line":53,"column":6},"end":{"line":53,"column":54}},"20":{"start":{"line":55,"column":28},"end":{"line":67,"column":8}},"21":{"start":{"line":69,"column":6},"end":{"line":71,"column":7}},"22":{"start":{"line":70,"column":8},"end":{"line":70,"column":52}},"23":{"start":{"line":73,"column":24},"end":{"line":73,"column":50}},"24":{"start":{"line":74,"column":6},"end":{"line":74,"column":45}},"25":{"start":{"line":75,"column":6},"end":{"line":77,"column":10}},"26":{"start":{"line":79,"column":6},"end":{"line":79,"column":34}},"27":{"start":{"line":80,"column":6},"end":{"line":80,"column":23}},"28":{"start":{"line":82,"column":6},"end":{"line":82,"column":53}},"29":{"start":{"line":83,"column":6},"end":{"line":83,"column":18}},"30":{"start":{"line":85,"column":6},"end":{"line":85,"column":37}},"31":{"start":{"line":91,"column":13},"end":{"line":91,"column":49}},"32":{"start":{"line":92,"column":13},"end":{"line":92,"column":58}}},"fnMap":{"0":{"name":"(anonymous_0)","decl":{"start":{"line":13,"column":15},"end":{"line":13,"column":16}},"loc":{"start":{"line":13,"column":58},"end":{"line":15,"column":5}}},"1":{"name":"(anonymous_1)","decl":{"start":{"line":16,"column":18},"end":{"line":16,"column":19}},"loc":{"start":{"line":16,"column":61},"end":{"line":18,"column":5}}},"2":{"name":"(anonymous_2)","decl":{"start":{"line":19,"column":19},"end":{"line":19,"column":20}},"loc":{"start":{"line":19,"column":61},"end":{"line":21,"column":5}}},"3":{"name":"(anonymous_3)","decl":{"start":{"line":28,"column":2},"end":{"line":28,"column":7}},"loc":{"start":{"line":28,"column":37},"end":{"line":44,"column":3}}},"4":{"name":"(anonymous_4)","decl":{"start":{"line":49,"column":2},"end":{"line":49,"column":7}},"loc":{"start":{"line":49,"column":47},"end":{"line":87,"column":3}}}},"branchMap":{"0":{"loc":{"start":{"line":35,"column":4},"end":{"line":37,"column":5}},"type":"if","locations":[{"start":{"line":35,"column":4},"end":{"line":37,"column":5}}]},"1":{"loc":{"start":{"line":69,"column":6},"end":{"line":71,"column":7}},"type":"if","locations":[{"start":{"line":69,"column":6},"end":{"line":71,"column":7}}]}},"s":{"0":1,"1":1,"2":1,"3":1,"4":0,"5":0,"6":0,"7":1,"8":0,"9":0,"10":0,"11":0,"12":0,"13":0,"14":0,"15":1,"16":0,"17":0,"18":0,"19":0,"20":0,"21":0,"22":0,"23":0,"24":0,"25":0,"26":0,"27":0,"28":0,"29":0,"30":0,"31":1,"32":1},"f":{"0":0,"1":0,"2":0,"3":0,"4":0},"b":{"0":[0],"1":[0]}}
,"/Users/pavelmakarov/Desktop/marketplace/frontend/src/store/products.slice.ts": {"path":"/Users/pavelmakarov/Desktop/marketplace/frontend/src/store/products.slice.ts","statementMap":{"0":{"start":{"line":2,"column":0},"end":{"line":2,"column":77}},"1":{"start":{"line":3,"column":36},"end":{"line":6,"column":4}},"2":{"start":{"line":8,"column":13},"end":{"line":19,"column":5}},"3":{"start":{"line":13,"column":8},"end":{"line":13,"column":40}},"4":{"start":{"line":16,"column":8},"end":{"line":16,"column":39}},"5":{"start":{"line":21,"column":15},"end":{"line":39,"column":4}},"6":{"start":{"line":24,"column":6},"end":{"line":24,"column":36}},"7":{"start":{"line":25,"column":23},"end":{"line":29,"column":8}},"8":{"start":{"line":30,"column":6},"end":{"line":32,"column":7}},"9":{"start":{"line":31,"column":8},"end":{"line":31,"column":57}},"10":{"start":{"line":34,"column":19},"end":{"line":34,"column":40}},"11":{"start":{"line":35,"column":6},"end":{"line":35,"column":37}},"12":{"start":{"line":36,"column":6},"end":{"line":36,"column":37}},"13":{"start":{"line":37,"column":6},"end":{"line":37,"column":18}},"14":{"start":{"line":41,"column":15},"end":{"line":41,"column":55}},"15":{"start":{"line":42,"column":15},"end":{"line":42,"column":49}}},"fnMap":{"0":{"name":"(anonymous_0)","decl":{"start":{"line":12,"column":22},"end":{"line":12,"column":23}},"loc":{"start":{"line":12,"column":67},"end":{"line":14,"column":7}}},"1":{"name":"(anonymous_1)","decl":{"start":{"line":15,"column":21},"end":{"line":15,"column":22}},"loc":{"start":{"line":15,"column":63},"end":{"line":17,"column":7}}},"2":{"name":"(anonymous_2)","decl":{"start":{"line":23,"column":4},"end":{"line":23,"column":9}},"loc":{"start":{"line":23,"column":30},"end":{"line":38,"column":5}}}},"branchMap":{"0":{"loc":{"start":{"line":30,"column":6},"end":{"line":32,"column":7}},"type":"if","locations":[{"start":{"line":30,"column":6},"end":{"line":32,"column":7}}]}},"s":{"0":1,"1":1,"2":1,"3":0,"4":0,"5":1,"6":0,"7":0,"8":0,"9":0,"10":0,"11":0,"12":0,"13":0,"14":1,"15":1},"f":{"0":0,"1":0,"2":0},"b":{"0":[0]}}
,"/Users/pavelmakarov/Desktop/marketplace/frontend/src/store/user.slice.ts": {"path":"/Users/pavelmakarov/Desktop/marketplace/frontend/src/store/user.slice.ts","statementMap":{"0":{"start":{"line":3,"column":0},"end":{"line":3,"column":79}},"1":{"start":{"line":4,"column":32},"end":{"line":12,"column":2}},"2":{"start":{"line":14,"column":13},"end":{"line":60,"column":3}},"3":{"start":{"line":19,"column":6},"end":{"line":19,"column":38}},"4":{"start":{"line":22,"column":6},"end":{"line":22,"column":45}},"5":{"start":{"line":25,"column":6},"end":{"line":25,"column":40}},"6":{"start":{"line":28,"column":6},"end":{"line":28,"column":63}},"7":{"start":{"line":31,"column":6},"end":{"line":31,"column":28}},"8":{"start":{"line":34,"column":20},"end":{"line":34,"column":70}},"9":{"start":{"line":35,"column":6},"end":{"line":38,"column":7}},"10":{"start":{"line":36,"column":8},"end":{"line":36,"column":42}},"11":{"start":{"line":37,"column":8},"end":{"line":37,"column":35}},"12":{"start":{"line":41,"column":6},"end":{"line":41,"column":38}},"13":{"start":{"line":44,"column":6},"end":{"line":44,"column":59}},"14":{"start":{"line":47,"column":6},"end":{"line":47,"column":37}},"15":{"start":{"line":50,"column":6},"end":{"line":50,"column":44}},"16":{"start":{"line":51,"column":6},"end":{"line":51,"column":51}},"17":{"start":{"line":52,"column":6},"end":{"line":52,"column":26}},"18":{"start":{"line":53,"column":6},"end":{"line":53,"column":26}},"19":{"start":{"line":54,"column":6},"end":{"line":54,"column":28}},"20":{"start":{"line":55,"column":6},"end":{"line":55,"column":36}},"21":{"start":{"line":56,"column":6},"end":{"line":56,"column":26}},"22":{"start":{"line":57,"column":6},"end":{"line":57,"column":28}},"23":{"start":{"line":62,"column":13},"end":{"line":82,"column":2}},"24":{"start":{"line":65,"column":4},"end":{"line":65,"column":34}},"25":{"start":{"line":66,"column":21},"end":{"line":70,"column":6}},"26":{"start":{"line":72,"column":4},"end":{"line":74,"column":5}},"27":{"start":{"line":73,"column":6},"end":{"line":73,"column":63}},"28":{"start":{"line":76,"column":17},"end":{"line":76,"column":38}},"29":{"start":{"line":78,"column":4},"end":{"line":78,"column":47}},"30":{"start":{"line":79,"column":4},"end":{"line":79,"column":35}},"31":{"start":{"line":80,"column":4},"end":{"line":80,"column":16}},"32":{"start":{"line":85,"column":13},"end":{"line":111,"column":2}},"33":{"start":{"line":88,"column":18},"end":{"line":88,"column":40}},"34":{"start":{"line":89,"column":4},"end":{"line":89,"column":null}},"35":{"start":{"line":90,"column":4},"end":{"line":109,"column":5}},"36":{"start":{"line":91,"column":23},"end":{"line":98,"column":8}},"37":{"start":{"line":100,"column":6},"end":{"line":102,"column":7}},"38":{"start":{"line":101,"column":8},"end":{"line":101,"column":54}},"39":{"start":{"line":104,"column":19},"end":{"line":104,"column":40}},"40":{"start":{"line":105,"column":6},"end":{"line":105,"column":18}},"41":{"start":{"line":107,"column":6},"end":{"line":107,"column":52}},"42":{"start":{"line":108,"column":6},"end":{"line":108,"column":18}},"43":{"start":{"line":113,"column":13},"end":{"line":132,"column":2}},"44":{"start":{"line":116,"column":21},"end":{"line":123,"column":6}},"45":{"start":{"line":125,"column":4},"end":{"line":127,"column":5}},"46":{"start":{"line":126,"column":6},"end":{"line":126,"column":53}},"47":{"start":{"line":129,"column":17},"end":{"line":129,"column":38}},"48":{"start":{"line":130,"column":4},"end":{"line":130,"column":16}},"49":{"start":{"line":135,"column":13},"end":{"line":151,"column":null}},"50":{"start":{"line":138,"column":21},"end":{"line":142,"column":6}},"51":{"start":{"line":144,"column":4},"end":{"line":146,"column":5}},"52":{"start":{"line":145,"column":6},"end":{"line":145,"column":50}},"53":{"start":{"line":148,"column":17},"end":{"line":148,"column":38}},"54":{"start":{"line":149,"column":4},"end":{"line":149,"column":23}},"55":{"start":{"line":150,"column":4},"end":{"line":150,"column":16}},"56":{"start":{"line":153,"column":13},"end":{"line":172,"column":2}},"57":{"start":{"line":156,"column":4},"end":{"line":156,"column":34}},"58":{"start":{"line":157,"column":21},"end":{"line":161,"column":6}},"59":{"start":{"line":163,"column":4},"end":{"line":165,"column":5}},"60":{"start":{"line":164,"column":6},"end":{"line":164,"column":63}},"61":{"start":{"line":167,"column":17},"end":{"line":167,"column":38}},"62":{"start":{"line":168,"column":4},"end":{"line":168,"column":51}},"63":{"start":{"line":169,"column":4},"end":{"line":169,"column":35}},"64":{"start":{"line":170,"column":4},"end":{"line":170,"column":16}},"65":{"start":{"line":174,"column":13},"end":{"line":174,"column":45}},"66":{"start":{"line":175,"column":13},"end":{"line":175,"column":172}}},"fnMap":{"0":{"name":"(anonymous_0)","decl":{"start":{"line":18,"column":20},"end":{"line":18,"column":21}},"loc":{"start":{"line":18,"column":61},"end":{"line":20,"column":5}}},"1":{"name":"(anonymous_1)","decl":{"start":{"line":21,"column":27},"end":{"line":21,"column":28}},"loc":{"start":{"line":21,"column":69},"end":{"line":23,"column":5}}},"2":{"name":"(anonymous_2)","decl":{"start":{"line":24,"column":22},"end":{"line":24,"column":23}},"loc":{"start":{"line":24,"column":70},"end":{"line":26,"column":5}}},"3":{"name":"(anonymous_3)","decl":{"start":{"line":27,"column":19},"end":{"line":27,"column":20}},"loc":{"start":{"line":27,"column":60},"end":{"line":29,"column":5}}},"4":{"name":"(anonymous_4)","decl":{"start":{"line":30,"column":21},"end":{"line":30,"column":22}},"loc":{"start":{"line":30,"column":31},"end":{"line":32,"column":5}}},"5":{"name":"(anonymous_5)","decl":{"start":{"line":33,"column":22},"end":{"line":33,"column":23}},"loc":{"start":{"line":33,"column":63},"end":{"line":39,"column":5}}},"6":{"name":"(anonymous_6)","decl":{"start":{"line":40,"column":20},"end":{"line":40,"column":21}},"loc":{"start":{"line":40,"column":68},"end":{"line":42,"column":5}}},"7":{"name":"(anonymous_7)","decl":{"start":{"line":43,"column":17},"end":{"line":43,"column":18}},"loc":{"start":{"line":43,"column":58},"end":{"line":45,"column":5}}},"8":{"name":"(anonymous_8)","decl":{"start":{"line":46,"column":19},"end":{"line":46,"column":20}},"loc":{"start":{"line":46,"column":61},"end":{"line":48,"column":5}}},"9":{"name":"(anonymous_9)","decl":{"start":{"line":49,"column":12},"end":{"line":49,"column":13}},"loc":{"start":{"line":49,"column":22},"end":{"line":58,"column":5}}},"10":{"name":"(anonymous_10)","decl":{"start":{"line":64,"column":2},"end":{"line":64,"column":7}},"loc":{"start":{"line":64,"column":43},"end":{"line":81,"column":3}}},"11":{"name":"(anonymous_11)","decl":{"start":{"line":87,"column":2},"end":{"line":87,"column":7}},"loc":{"start":{"line":87,"column":56},"end":{"line":110,"column":3}}},"12":{"name":"(anonymous_12)","decl":{"start":{"line":115,"column":2},"end":{"line":115,"column":7}},"loc":{"start":{"line":115,"column":69},"end":{"line":131,"column":3}}},"13":{"name":"(anonymous_13)","decl":{"start":{"line":137,"column":2},"end":{"line":137,"column":7}},"loc":{"start":{"line":137,"column":28},"end":{"line":151,"column":3}}},"14":{"name":"(anonymous_14)","decl":{"start":{"line":155,"column":2},"end":{"line":155,"column":7}},"loc":{"start":{"line":155,"column":43},"end":{"line":171,"column":3}}}},"branchMap":{"0":{"loc":{"start":{"line":5,"column":12},"end":{"line":5,"column":52}},"type":"binary-expr","locations":[{"start":{"line":5,"column":12},"end":{"line":5,"column":46}},{"start":{"line":5,"column":50},"end":{"line":5,"column":52}}]},"1":{"loc":{"start":{"line":10,"column":20},"end":{"line":10,"column":81}},"type":"binary-expr","locations":[{"start":{"line":10,"column":20},"end":{"line":10,"column":72}},{"start":{"line":10,"column":76},"end":{"line":10,"column":81}}]},"2":{"loc":{"start":{"line":11,"column":11},"end":{"line":11,"column":50}},"type":"binary-expr","locations":[{"start":{"line":11,"column":11},"end":{"line":11,"column":44}},{"start":{"line":11,"column":48},"end":{"line":11,"column":50}}]},"3":{"loc":{"start":{"line":35,"column":6},"end":{"line":38,"column":7}},"type":"if","locations":[{"start":{"line":35,"column":6},"end":{"line":38,"column":7}}]},"4":{"loc":{"start":{"line":72,"column":4},"end":{"line":74,"column":5}},"type":"if","locations":[{"start":{"line":72,"column":4},"end":{"line":74,"column":5}}]},"5":{"loc":{"start":{"line":100,"column":6},"end":{"line":102,"column":7}},"type":"if","locations":[{"start":{"line":100,"column":6},"end":{"line":102,"column":7}}]},"6":{"loc":{"start":{"line":125,"column":4},"end":{"line":127,"column":5}},"type":"if","locations":[{"start":{"line":125,"column":4},"end":{"line":127,"column":5}}]},"7":{"loc":{"start":{"line":144,"column":4},"end":{"line":146,"column":5}},"type":"if","locations":[{"start":{"line":144,"column":4},"end":{"line":146,"column":5}}]},"8":{"loc":{"start":{"line":163,"column":4},"end":{"line":165,"column":5}},"type":"if","locations":[{"start":{"line":163,"column":4},"end":{"line":165,"column":5}}]}},"s":{"0":1,"1":1,"2":1,"3":0,"4":0,"5":0,"6":0,"7":0,"8":0,"9":0,"10":0,"11":0,"12":0,"13":0,"14":0,"15":0,"16":0,"17":0,"18":0,"19":0,"20":0,"21":0,"22":0,"23":1,"24":0,"25":0,"26":0,"27":0,"28":0,"29":0,"30":0,"31":0,"32":1,"33":0,"34":0,"35":0,"36":0,"37":0,"38":0,"39":0,"40":0,"41":0,"42":0,"43":1,"44":0,"45":0,"46":0,"47":0,"48":0,"49":1,"50":0,"51":0,"52":0,"53":0,"54":0,"55":0,"56":1,"57":0,"58":0,"59":0,"60":0,"61":0,"62":0,"63":0,"64":0,"65":1,"66":1},"f":{"0":0,"1":0,"2":0,"3":0,"4":0,"5":0,"6":0,"7":0,"8":0,"9":0,"10":0,"11":0,"12":0,"13":0,"14":0},"b":{"0":[1,1],"1":[1,1],"2":[1,1],"3":[0],"4":[0],"5":[0],"6":[0],"7":[0],"8":[0]}}
}
