TN:
SF:src/components/AddToCart.tsx
FN:9,(anonymous_0)
FN:11,(anonymous_1)
FN:13,(anonymous_2)
FN:14,(anonymous_3)
FN:23,(anonymous_4)
FNF:5
FNH:5
FNDA:2,(anonymous_0)
FNDA:4,(anonymous_1)
FNDA:4,(anonymous_2)
FNDA:1,(anonymous_3)
FNDA:2,(anonymous_4)
DA:9,1
DA:10,2
DA:11,4
DA:13,4
DA:14,2
DA:15,2
DA:16,2
DA:17,2
DA:24,2
LF:9
LH:9
BRDA:19,0,0,0
BRDA:19,0,1,2
BRDA:19,1,0,2
BRDA:19,1,1,1
BRDA:24,2,0,1
BRDA:24,2,1,1
BRF:6
BRH:5
end_of_record
TN:
SF:src/components/CardCart.tsx
FN:6,(anonymous_0)
FN:7,(anonymous_1)
FN:8,(anonymous_2)
FN:9,(anonymous_3)
FN:10,(anonymous_4)
FNF:5
FNH:5
FNDA:8,(anonymous_0)
FNDA:16,(anonymous_1)
FNDA:8,(anonymous_2)
FNDA:16,(anonymous_3)
FNDA:21,(anonymous_4)
DA:6,2
DA:7,16
DA:8,8
DA:9,16
DA:10,21
DA:12,8
LF:6
LH:6
BRDA:14,0,0,3
BRDA:14,0,1,5
BRF:2
BRH:2
end_of_record
TN:
SF:src/components/CardOrder.tsx
FN:6,(anonymous_0)
FN:7,(anonymous_1)
FN:39,(anonymous_2)
FN:40,(anonymous_3)
FNF:4
FNH:4
FNDA:5,(anonymous_0)
FNDA:10,(anonymous_1)
FNDA:9,(anonymous_2)
FNDA:10,(anonymous_3)
DA:6,1
DA:7,10
DA:8,5
DA:11,5
DA:40,10
DA:41,9
LF:6
LH:6
BRDA:8,0,0,5
BRDA:8,0,1,0
BRDA:17,1,0,4
BRDA:17,1,1,1
BRDA:22,2,0,4
BRDA:22,2,1,1
BRDA:41,3,0,5
BRDA:41,3,1,4
BRF:8
BRH:7
end_of_record
TN:
SF:src/components/CardProducts.tsx
FN:8,(anonymous_0)
FN:10,(anonymous_1)
FN:11,(anonymous_2)
FN:16,(anonymous_3)
FN:42,(anonymous_4)
FNF:5
FNH:4
FNDA:6,(anonymous_0)
FNDA:11,(anonymous_1)
FNDA:3,(anonymous_2)
FNDA:1,(anonymous_3)
FNDA:0,(anonymous_4)
DA:8,1
DA:9,6
DA:10,11
DA:11,6
DA:13,6
DA:16,1
DA:42,0
LF:7
LH:6
BRF:0
BRH:0
end_of_record
TN:
SF:src/components/Cart.tsx
FN:12,(anonymous_0)
FN:14,(anonymous_1)
FN:16,(anonymous_2)
FN:17,(anonymous_3)
FN:18,(anonymous_4)
FN:19,(anonymous_5)
FN:22,(anonymous_6)
FN:23,(anonymous_7)
FN:24,(anonymous_8)
FN:28,(anonymous_9)
FN:33,(anonymous_10)
FN:55,(anonymous_11)
FN:71,(anonymous_12)
FNF:13
FNH:13
FNDA:3,(anonymous_0)
FNDA:6,(anonymous_1)
FNDA:6,(anonymous_2)
FNDA:6,(anonymous_3)
FNDA:6,(anonymous_4)
FNDA:6,(anonymous_5)
FNDA:3,(anonymous_6)
FNDA:7,(anonymous_7)
FNDA:7,(anonymous_8)
FNDA:3,(anonymous_9)
FNDA:3,(anonymous_10)
FNDA:6,(anonymous_11)
FNDA:1,(anonymous_12)
DA:12,1
DA:13,3
DA:14,6
DA:16,6
DA:17,6
DA:18,6
DA:19,6
DA:20,3
DA:21,3
DA:22,3
DA:23,3
DA:24,7
DA:25,7
DA:28,3
DA:29,3
DA:30,3
DA:31,3
DA:33,3
DA:34,3
DA:35,2
DA:40,3
DA:47,3
DA:56,6
DA:72,1
LF:24
LH:24
BRDA:25,0,0,7
BRDA:25,0,1,4
BRDA:34,1,0,2
BRDA:34,1,1,1
BRDA:52,2,0,1
BRDA:52,2,1,2
BRDA:54,3,0,2
BRDA:54,3,1,0
BRDA:72,4,0,1
BRDA:72,4,1,1
BRDA:74,5,0,3
BRDA:74,5,1,0
BRF:12
BRH:10
end_of_record
TN:
SF:src/components/Counter.tsx
FN:6,(anonymous_0)
FN:8,(anonymous_1)
FN:9,(anonymous_2)
FN:10,(anonymous_3)
FN:11,(anonymous_4)
FN:12,(anonymous_5)
FN:18,(anonymous_6)
FNF:7
FNH:7
FNDA:4,(anonymous_0)
FNDA:8,(anonymous_1)
FNDA:4,(anonymous_2)
FNDA:8,(anonymous_3)
FNDA:10,(anonymous_4)
FNDA:1,(anonymous_5)
FNDA:1,(anonymous_6)
DA:6,4
DA:7,4
DA:8,8
DA:9,4
DA:10,8
DA:11,10
DA:12,4
DA:13,1
DA:14,1
DA:18,4
DA:19,1
DA:20,1
DA:23,4
LF:13
LH:13
BRDA:13,0,0,1
BRDA:13,0,1,0
BRDA:13,1,0,1
BRDA:13,1,1,0
BRDA:19,2,0,1
BRDA:19,2,1,0
BRDA:27,3,0,4
BRDA:27,3,1,0
BRDA:43,4,0,4
BRDA:43,4,1,0
BRF:10
BRH:5
end_of_record
TN:
SF:src/components/EmptyCart.tsx
FN:3,(anonymous_0)
FN:43,(anonymous_1)
FNF:2
FNH:2
FNDA:1,(anonymous_0)
FNDA:3,(anonymous_1)
DA:3,2
DA:4,1
DA:44,3
LF:3
LH:3
BRF:0
BRH:0
end_of_record
TN:
SF:src/components/EmptyOrders.tsx
FN:5,(anonymous_0)
FN:26,(anonymous_1)
FN:34,(anonymous_2)
FNF:3
FNH:3
FNDA:2,(anonymous_0)
FNDA:1,(anonymous_1)
FNDA:6,(anonymous_2)
DA:5,1
DA:6,2
DA:8,2
DA:26,1
DA:35,6
LF:5
LH:5
BRF:0
BRH:0
end_of_record
TN:
SF:src/components/Header.tsx
FN:12,(anonymous_0)
FN:14,(anonymous_1)
FN:35,(anonymous_2)
FN:38,(anonymous_3)
FN:49,(anonymous_4)
FNF:5
FNH:5
FNDA:2,(anonymous_0)
FNDA:4,(anonymous_1)
FNDA:5,(anonymous_2)
FNDA:1,(anonymous_3)
FNDA:1,(anonymous_4)
DA:12,1
DA:13,2
DA:14,4
DA:16,2
DA:35,1
DA:36,5
DA:37,5
DA:38,5
DA:39,1
DA:40,1
DA:41,1
DA:42,1
DA:46,5
DA:49,1
LF:14
LH:14
BRDA:24,0,0,2
BRDA:24,0,1,1
BRDA:39,1,0,1
BRDA:39,1,1,0
BRF:4
BRH:3
end_of_record
TN:
SF:src/components/Loading.tsx
FN:3,(anonymous_0)
FNF:1
FNH:1
FNDA:2,(anonymous_0)
DA:3,2
DA:4,2
LF:2
LH:2
BRF:0
BRH:0
end_of_record
TN:
SF:src/components/MyOrders.tsx
FN:13,(anonymous_0)
FN:15,(anonymous_1)
FN:16,(anonymous_2)
FN:17,(anonymous_3)
FN:18,(anonymous_4)
FN:19,(anonymous_5)
FN:23,(anonymous_6)
FN:28,(anonymous_7)
FN:31,(anonymous_8)
FN:37,(anonymous_9)
FN:38,(anonymous_10)
FN:58,(anonymous_11)
FN:60,(anonymous_12)
FN:75,(anonymous_13)
FN:77,(anonymous_14)
FN:90,(anonymous_15)
FNF:16
FNH:11
FNDA:2,(anonymous_0)
FNDA:4,(anonymous_1)
FNDA:4,(anonymous_2)
FNDA:4,(anonymous_3)
FNDA:4,(anonymous_4)
FNDA:4,(anonymous_5)
FNDA:2,(anonymous_6)
FNDA:2,(anonymous_7)
FNDA:0,(anonymous_8)
FNDA:2,(anonymous_9)
FNDA:1,(anonymous_10)
FNDA:0,(anonymous_11)
FNDA:0,(anonymous_12)
FNDA:0,(anonymous_13)
FNDA:0,(anonymous_14)
FNDA:3,(anonymous_15)
DA:13,1
DA:14,2
DA:15,4
DA:16,4
DA:17,4
DA:18,4
DA:19,4
DA:20,2
DA:21,2
DA:22,2
DA:23,2
DA:24,2
DA:25,2
DA:28,2
DA:29,2
DA:30,2
DA:31,0
DA:33,2
DA:37,2
DA:38,2
DA:39,1
DA:40,0
DA:42,1
DA:46,2
DA:59,0
DA:60,0
DA:61,0
DA:64,0
DA:65,0
DA:76,0
DA:77,0
DA:78,0
DA:81,0
DA:82,0
DA:91,3
LF:35
LH:23
BRDA:20,0,0,2
BRDA:20,0,1,2
BRDA:29,1,0,2
BRDA:29,1,1,0
BRDA:30,2,0,0
BRDA:30,2,1,2
BRDA:39,3,0,0
BRDA:39,3,1,1
BRDA:40,4,0,0
BRDA:40,4,1,0
BRDA:42,5,0,1
BRDA:42,5,1,0
BRDA:50,6,0,0
BRDA:50,6,1,2
BRDA:52,7,0,2
BRDA:52,7,1,0
BRDA:57,8,0,0
BRDA:57,8,1,2
BRDA:59,9,0,0
BRDA:59,9,1,0
BRDA:61,10,0,0
BRDA:61,10,1,0
BRDA:74,11,0,2
BRDA:74,11,1,0
BRDA:76,12,0,0
BRDA:76,12,1,0
BRDA:78,13,0,0
BRDA:78,13,1,0
BRF:28
BRH:10
end_of_record
TN:
SF:src/components/ProductDetail.tsx
FN:7,(anonymous_0)
FN:11,(anonymous_1)
FN:12,(anonymous_2)
FN:15,(anonymous_3)
FNF:4
FNH:4
FNDA:5,(anonymous_0)
FNDA:10,(anonymous_1)
FNDA:10,(anonymous_2)
FNDA:1,(anonymous_3)
DA:7,1
DA:8,5
DA:9,5
DA:11,5
DA:12,10
DA:15,5
DA:16,1
DA:19,5
DA:21,3
LF:9
LH:9
BRDA:19,0,0,2
BRDA:19,0,1,3
BRF:2
BRH:2
end_of_record
TN:
SF:src/components/ProductModal.tsx
FN:12,(anonymous_0)
FN:17,(anonymous_1)
FN:24,(anonymous_2)
FN:47,(anonymous_3)
FNF:4
FNH:4
FNDA:4,(anonymous_0)
FNDA:4,(anonymous_1)
FNDA:4,(anonymous_2)
FNDA:1,(anonymous_3)
DA:12,1
DA:17,4
DA:18,4
DA:19,3
DA:21,1
DA:24,4
DA:25,4
DA:29,4
DA:31,3
DA:47,1
LF:10
LH:10
BRDA:18,0,0,3
BRDA:18,0,1,1
BRDA:29,1,0,1
BRDA:29,1,1,3
BRF:4
BRH:4
end_of_record
TN:
SF:src/components/Products.tsx
FN:12,(anonymous_0)
FN:17,(anonymous_1)
FN:18,(anonymous_2)
FN:19,(anonymous_3)
FN:20,(anonymous_4)
FN:22,(anonymous_5)
FN:24,(anonymous_6)
FN:30,(anonymous_7)
FN:37,(anonymous_8)
FN:39,(anonymous_9)
FN:67,(anonymous_10)
FN:72,(anonymous_11)
FN:74,(anonymous_12)
FN:89,(anonymous_13)
FN:91,(anonymous_14)
FN:104,(anonymous_15)
FN:108,(anonymous_16)
FNF:17
FNH:16
FNDA:13,(anonymous_0)
FNDA:22,(anonymous_1)
FNDA:22,(anonymous_2)
FNDA:22,(anonymous_3)
FNDA:22,(anonymous_4)
FNDA:22,(anonymous_5)
FNDA:9,(anonymous_6)
FNDA:9,(anonymous_7)
FNDA:11,(anonymous_8)
FNDA:33,(anonymous_9)
FNDA:2,(anonymous_10)
FNDA:1,(anonymous_11)
FNDA:0,(anonymous_12)
FNDA:1,(anonymous_13)
FNDA:1,(anonymous_14)
FNDA:36,(anonymous_15)
FNDA:33,(anonymous_16)
DA:12,1
DA:13,13
DA:14,13
DA:15,13
DA:16,13
DA:17,22
DA:18,22
DA:19,22
DA:20,22
DA:21,13
DA:22,22
DA:24,13
DA:25,9
DA:26,9
DA:27,0
DA:30,13
DA:31,9
DA:32,8
DA:37,13
DA:38,11
DA:39,11
DA:40,33
DA:42,31
DA:44,2
DA:45,2
DA:46,2
DA:49,0
DA:53,13
DA:67,2
DA:73,1
DA:74,0
DA:75,0
DA:78,1
DA:79,1
DA:90,1
DA:91,1
DA:92,1
DA:95,0
DA:96,0
DA:105,36
DA:109,33
LF:41
LH:35
BRDA:26,0,0,0
BRDA:26,0,1,9
BRDA:31,1,0,8
BRDA:31,1,1,1
BRDA:31,2,0,9
BRDA:31,2,1,8
BRDA:31,2,2,8
BRDA:38,3,0,10
BRDA:38,3,1,1
BRDA:40,4,0,31
BRDA:40,4,1,2
BRDA:40,4,2,0
BRDA:44,5,0,2
BRDA:44,5,1,0
BRDA:45,6,0,2
BRDA:45,6,1,0
BRDA:57,7,0,1
BRDA:57,7,1,12
BRDA:71,8,0,1
BRDA:71,8,1,11
BRDA:73,9,0,0
BRDA:73,9,1,1
BRDA:75,10,0,0
BRDA:75,10,1,0
BRDA:88,11,0,11
BRDA:88,11,1,1
BRDA:90,12,0,1
BRDA:90,12,1,0
BRDA:92,13,0,1
BRDA:92,13,1,0
BRDA:104,14,0,11
BRDA:104,14,1,1
BRDA:109,15,0,33
BRDA:109,15,1,31
BRF:34
BRH:25
end_of_record
TN:
SF:src/components/ProtectedRoute.tsx
FN:6,(anonymous_0)
FN:9,(anonymous_1)
FNF:2
FNH:2
FNDA:6,(anonymous_0)
FNDA:12,(anonymous_1)
DA:6,1
DA:7,6
DA:8,6
DA:9,12
DA:11,6
DA:12,6
DA:13,2
DA:20,4
LF:8
LH:8
BRDA:12,0,0,2
BRDA:12,0,1,4
BRDA:20,1,0,2
BRDA:20,1,1,2
BRF:4
BRH:4
end_of_record
TN:
SF:src/components/Signin.tsx
FN:9,(anonymous_0)
FN:18,(anonymous_1)
FN:22,(anonymous_2)
FN:36,(anonymous_3)
FN:123,(anonymous_4)
FN:157,(anonymous_5)
FNF:6
FNH:5
FNDA:9,(anonymous_0)
FNDA:2,(anonymous_1)
FNDA:1,(anonymous_2)
FNDA:0,(anonymous_3)
FNDA:1,(anonymous_4)
FNDA:1,(anonymous_5)
DA:9,1
DA:11,9
DA:12,9
DA:13,9
DA:14,9
DA:15,9
DA:16,9
DA:17,9
DA:18,9
DA:19,2
DA:22,9
DA:23,1
DA:24,1
DA:26,1
DA:27,1
DA:35,1
DA:36,0
DA:37,0
DA:40,1
DA:42,1
DA:43,0
DA:45,1
DA:51,1
DA:52,1
DA:53,1
DA:55,0
DA:57,0
DA:58,0
DA:60,1
DA:61,1
DA:62,1
DA:63,1
DA:64,1
DA:68,9
DA:123,1
DA:157,1
LF:36
LH:30
BRDA:35,0,0,0
BRDA:35,0,1,1
BRDA:37,1,0,0
BRDA:37,1,1,0
BRDA:42,2,0,0
BRDA:42,2,1,1
BRDA:51,3,0,0
BRDA:51,3,1,1
BRDA:57,4,0,0
BRDA:57,4,1,0
BRDA:85,5,0,9
BRDA:85,5,1,0
BRDA:154,6,0,1
BRDA:154,6,1,8
BRDA:166,7,0,1
BRDA:166,7,1,8
BRDA:169,8,0,1
BRDA:169,8,1,8
BRDA:184,9,0,1
BRDA:184,9,1,8
BRDA:186,10,0,1
BRDA:186,10,1,8
BRF:22
BRH:14
end_of_record
TN:
SF:src/components/Signup.tsx
FN:5,(anonymous_0)
FN:16,(anonymous_1)
FN:18,(anonymous_2)
FN:21,(anonymous_3)
FN:41,(anonymous_4)
FN:155,(anonymous_5)
FN:202,(anonymous_6)
FNF:7
FNH:0
FNDA:0,(anonymous_0)
FNDA:0,(anonymous_1)
FNDA:0,(anonymous_2)
FNDA:0,(anonymous_3)
FNDA:0,(anonymous_4)
FNDA:0,(anonymous_5)
FNDA:0,(anonymous_6)
DA:5,0
DA:6,0
DA:12,0
DA:13,0
DA:14,0
DA:16,0
DA:17,0
DA:18,0
DA:21,0
DA:22,0
DA:24,0
DA:25,0
DA:27,0
DA:28,0
DA:30,0
DA:31,0
DA:34,0
DA:35,0
DA:37,0
DA:38,0
DA:41,0
DA:42,0
DA:43,0
DA:45,0
DA:46,0
DA:47,0
DA:57,0
DA:59,0
DA:61,0
DA:63,0
DA:64,0
DA:66,0
DA:70,0
DA:155,0
DA:202,0
LF:35
LH:0
BRDA:24,0,0,0
BRDA:24,0,1,0
BRDA:25,1,0,0
BRDA:25,1,1,0
BRDA:27,2,0,0
BRDA:27,2,1,0
BRDA:28,3,0,0
BRDA:28,3,1,0
BRDA:30,4,0,0
BRDA:30,4,1,0
BRDA:34,5,0,0
BRDA:34,5,1,0
BRDA:43,6,0,0
BRDA:43,6,1,0
BRDA:57,7,0,0
BRDA:57,7,1,0
BRDA:63,8,0,0
BRDA:63,8,1,0
BRDA:87,9,0,0
BRDA:87,9,1,0
BRDA:114,10,0,0
BRDA:114,10,1,0
BRDA:118,11,0,0
BRDA:118,11,1,0
BRDA:147,12,0,0
BRDA:147,12,1,0
BRDA:150,13,0,0
BRDA:150,13,1,0
BRDA:158,14,0,0
BRDA:158,14,1,0
BRDA:165,15,0,0
BRDA:165,15,1,0
BRDA:194,16,0,0
BRDA:194,16,1,0
BRDA:197,17,0,0
BRDA:197,17,1,0
BRDA:205,18,0,0
BRDA:205,18,1,0
BRDA:212,19,0,0
BRDA:212,19,1,0
BRDA:236,20,0,0
BRDA:236,20,1,0
BRDA:240,21,0,0
BRDA:240,21,1,0
BRDA:253,22,0,0
BRDA:253,22,1,0
BRDA:255,23,0,0
BRDA:255,23,1,0
BRF:48
BRH:0
end_of_record
TN:
SF:src/components/SortBy.tsx
FN:10,(anonymous_0)
FNF:1
FNH:1
FNDA:29,(anonymous_0)
DA:10,3
DA:16,29
LF:2
LH:2
BRDA:19,0,0,15
BRDA:19,0,1,14
BRDA:23,1,0,29
BRDA:23,1,1,15
BRDA:25,2,0,14
BRDA:25,2,1,1
BRF:6
BRH:6
end_of_record
